{"target": -0.2567814504380473, "params": {"beta": 0.7276219031074749, "gamma": 0.565845235141867, "p": 0.3051994122489931}, "datetime": {"datetime": "2021-07-15 12:32:24", "elapsed": 0.0, "delta": 0.0}}
{"target": -0.33319354761396236, "params": {"beta": 0.7749712669681181, "gamma": 0.497916792317126, "p": 0.12653198287708187}, "datetime": {"datetime": "2021-07-15 12:39:48", "elapsed": 444.289707, "delta": 444.289707}}
{"target": -0.12684737937528376, "params": {"beta": 0.39078833232721283, "gamma": 0.3967499347285554, "p": 0.3407750666686109}, "datetime": {"datetime": "2021-07-15 12:47:35", "elapsed": 911.352457, "delta": 467.06275}}
{"target": -0.017227839977710702, "params": {"beta": 0.09089974052861303, "gamma": 0.36789380024771157, "p": 0.41071357083294235}, "datetime": {"datetime": "2021-07-15 12:55:40", "elapsed": 1396.155249, "delta": 484.802792}}
{"target": -0.060337862535329904, "params": {"beta": 0.924599368884012, "gamma": 0.29615242025164595, "p": 0.8318685506191031}, "datetime": {"datetime": "2021-07-15 13:04:36", "elapsed": 1932.120605, "delta": 535.965356}}
{"target": -0.13346960764639892, "params": {"beta": 0.9794336418381338, "gamma": 0.4169687090988026, "p": 0.6931476367302184}, "datetime": {"datetime": "2021-07-15 13:12:58", "elapsed": 2434.143266, "delta": 502.022661}}
{"target": -0.14355349998180847, "params": {"beta": 0.9507307952726916, "gamma": 0.4402068756491916, "p": 0.6827545179510486}, "datetime": {"datetime": "2021-07-15 13:21:13", "elapsed": 2929.534344, "delta": 495.391078}}
{"target": -0.16273203621485774, "params": {"beta": 0.30120881631956814, "gamma": 0.968363597886813, "p": 0.6894552234761901}, "datetime": {"datetime": "2021-07-15 13:28:34", "elapsed": 3370.685317, "delta": 441.150973}}
{"target": -0.043458229870784314, "params": {"beta": 0.010000000000000009, "gamma": 0.01, "p": 0.99}, "datetime": {"datetime": "2021-07-15 13:38:40", "elapsed": 3976.218052, "delta": 605.532735}}
{"target": -0.005156536795618464, "params": {"beta": 0.01, "gamma": 0.99, "p": 0.01}, "datetime": {"datetime": "2021-07-15 13:46:10", "elapsed": 4426.040313, "delta": 449.822261}}
{"target": -0.004960991052620198, "params": {"beta": 0.01, "gamma": 0.01, "p": 0.01}, "datetime": {"datetime": "2021-07-15 13:53:38", "elapsed": 4874.670045, "delta": 448.629732}}
{"target": -0.02469295501600828, "params": {"beta": 0.9895593421591354, "gamma": 0.017683580076201067, "p": 0.8887091123508917}, "datetime": {"datetime": "2021-07-15 14:03:53", "elapsed": 5488.857859, "delta": 614.187814}}
{"target": -0.005114351692495105, "params": {"beta": 0.01, "gamma": 0.49875867602491825, "p": 0.01}, "datetime": {"datetime": "2021-07-15 14:11:02", "elapsed": 5918.595986, "delta": 429.738127}}
{"target": -0.013239692231362215, "params": {"beta": 0.01, "gamma": 0.01, "p": 0.4320393543166054}, "datetime": {"datetime": "2021-07-15 14:21:21", "elapsed": 6536.958853, "delta": 618.362867}}
{"target": -0.01530048461589633, "params": {"beta": 0.9885169468760147, "gamma": 0.20122576500291636, "p": 0.9897205081596321}, "datetime": {"datetime": "2021-07-15 14:31:24", "elapsed": 7140.194837, "delta": 603.235984}}
{"target": -0.003913493891048486, "params": {"beta": 0.01, "gamma": 0.5919943995722783, "p": 0.99}, "datetime": {"datetime": "2021-07-15 14:39:41", "elapsed": 7637.593582, "delta": 497.398745}}
{"target": -0.004519818795620868, "params": {"beta": 0.01, "gamma": 0.8318949962887879, "p": 0.4357429958592029}, "datetime": {"datetime": "2021-07-15 14:47:19", "elapsed": 8095.380861, "delta": 457.787279}}
{"target": -0.00429085471077624, "params": {"beta": 0.011250506447544105, "gamma": 0.36506742676398724, "p": 0.7638258165700308}, "datetime": {"datetime": "2021-07-15 14:56:00", "elapsed": 8616.80492, "delta": 521.424059}}
{"target": -0.004276965883574345, "params": {"beta": 0.01, "gamma": 0.99, "p": 0.99}, "datetime": {"datetime": "2021-07-15 15:03:39", "elapsed": 9074.956063, "delta": 458.151143}}
{"target": -0.039407616772536284, "params": {"beta": 0.6555148416734397, "gamma": 0.01, "p": 0.99}, "datetime": {"datetime": "2021-07-15 15:13:19", "elapsed": 9655.087179, "delta": 580.131116}}
{"target": -0.004049401450816169, "params": {"beta": 0.011556624668948476, "gamma": 0.307047771845845, "p": 0.16745410163039126}, "datetime": {"datetime": "2021-07-15 15:21:08", "elapsed": 10124.681274, "delta": 469.594095}}
{"target": -0.003959350380182038, "params": {"beta": 0.010246873331670233, "gamma": 0.4885141764021167, "p": 0.4146318728691801}, "datetime": {"datetime": "2021-07-15 15:29:07", "elapsed": 10603.409647, "delta": 478.728373}}
{"target": -0.004759893723380581, "params": {"beta": 0.01, "gamma": 0.9612378535833125, "p": 0.2263972638707909}, "datetime": {"datetime": "2021-07-15 15:36:34", "elapsed": 11050.016474, "delta": 446.606827}}
{"target": -0.004065324996931027, "params": {"beta": 0.01, "gamma": 0.75716370486624, "p": 0.8033902485431239}, "datetime": {"datetime": "2021-07-15 15:44:29", "elapsed": 11524.882805, "delta": 474.866331}}
{"target": -0.004505552583180538, "params": {"beta": 0.01, "gamma": 0.99, "p": 0.5648120076252293}, "datetime": {"datetime": "2021-07-15 15:52:00", "elapsed": 11976.301894, "delta": 451.419089}}
{"target": -0.0048544673096456445, "params": {"beta": 0.013135110888634297, "gamma": 0.22116446916265764, "p": 0.5378340418166674}, "datetime": {"datetime": "2021-07-15 16:00:58", "elapsed": 12514.619197, "delta": 538.317303}}
{"target": -0.005087138933779602, "params": {"beta": 0.012341179342711847, "gamma": 0.862445143982698, "p": 0.10002754911937267}, "datetime": {"datetime": "2021-07-15 16:08:10", "elapsed": 12946.81533, "delta": 432.196133}}
{"target": -0.005031001042322415, "params": {"beta": 0.01, "gamma": 0.20308914904874514, "p": 0.01}, "datetime": {"datetime": "2021-07-15 16:15:36", "elapsed": 13392.082781, "delta": 445.267451}}
{"target": -0.0043318883060943884, "params": {"beta": 0.011132654371493907, "gamma": 0.11077925545556812, "p": 0.26232691870910824}, "datetime": {"datetime": "2021-07-15 16:24:31", "elapsed": 13927.088912, "delta": 535.006131}}
{"target": -0.003702290380541708, "params": {"beta": 0.012415152412281503, "gamma": 0.439879394988707, "p": 0.5753124586834638}, "datetime": {"datetime": "2021-07-15 16:32:53", "elapsed": 14428.862032, "delta": 501.77312}}
{"target": -0.005721947321906255, "params": {"beta": 0.01, "gamma": 0.33767815698791087, "p": 0.99}, "datetime": {"datetime": "2021-07-15 16:42:11", "elapsed": 14987.786114, "delta": 558.924082}}
{"target": -0.007365703693916034, "params": {"beta": 0.2443471150674438, "gamma": 0.23466455290343052, "p": 0.9879867953423266}, "datetime": {"datetime": "2021-07-15 16:52:08", "elapsed": 15583.831718, "delta": 596.045604}}
{"target": -0.003913946606436138, "params": {"beta": 0.01065219048769321, "gamma": 0.28020066011011374, "p": 0.36989155666201495}, "datetime": {"datetime": "2021-07-15 17:00:42", "elapsed": 16097.839168, "delta": 514.00745}}
{"target": -0.0027460194428391865, "params": {"beta": 0.19823768318899304, "gamma": 0.13791107638360442, "p": 0.7885958756958067}, "datetime": {"datetime": "2021-07-15 17:10:53", "elapsed": 16709.294936, "delta": 611.455768}}
{"target": -0.014152804471214576, "params": {"beta": 0.18088947997203575, "gamma": 0.2808222212632207, "p": 0.8138211054292542}, "datetime": {"datetime": "2021-07-15 17:19:59", "elapsed": 17255.596205, "delta": 546.301269}}
{"target": -0.004401227651683617, "params": {"beta": 0.20629498458430276, "gamma": 0.01053613478132732, "p": 0.5436601703187013}, "datetime": {"datetime": "2021-07-15 17:30:29", "elapsed": 17885.000078, "delta": 629.403873}}
{"target": -0.012360381160620224, "params": {"beta": 0.31383800163828895, "gamma": 0.019739237562844947, "p": 0.7360407038493598}, "datetime": {"datetime": "2021-07-15 17:41:25", "elapsed": 18541.032719, "delta": 656.032641}}
{"target": -0.01649081107678945, "params": {"beta": 0.1302945382294202, "gamma": 0.01030555175217924, "p": 0.18046491207157264}, "datetime": {"datetime": "2021-07-15 17:50:25", "elapsed": 19081.655247, "delta": 540.622528}}
{"target": -0.004462011578444304, "params": {"beta": 0.010184719319095004, "gamma": 0.6931794379256804, "p": 0.24931294689535244}, "datetime": {"datetime": "2021-07-15 17:58:08", "elapsed": 19544.435539, "delta": 462.780292}}
{"target": -0.004083802416357172, "params": {"beta": 0.012239537865529032, "gamma": 0.8199858610923174, "p": 0.9571401111745172}, "datetime": {"datetime": "2021-07-15 18:06:02", "elapsed": 20018.238829, "delta": 473.80329}}
{"target": -0.004346170828675381, "params": {"beta": 0.010562103585133202, "gamma": 0.951626926517633, "p": 0.8289402012923931}, "datetime": {"datetime": "2021-07-15 18:13:50", "elapsed": 20486.031109, "delta": 467.79228}}
{"target": -0.007450287317614994, "params": {"beta": 0.12810126229641436, "gamma": 0.050751698635973015, "p": 0.6778354782754809}, "datetime": {"datetime": "2021-07-15 18:24:21", "elapsed": 21117.717458, "delta": 631.686349}}
{"target": -0.005057293681755967, "params": {"beta": 0.01004214117761125, "gamma": 0.727937953314943, "p": 0.02327875800829443}, "datetime": {"datetime": "2021-07-15 18:31:43", "elapsed": 21559.747255, "delta": 442.029797}}
{"target": -0.0030129480619784823, "params": {"beta": 0.17741634317519375, "gamma": 0.15723974767382168, "p": 0.9740016795398063}, "datetime": {"datetime": "2021-07-15 18:42:02", "elapsed": 22178.271119, "delta": 618.523864}}
{"target": -0.0039578641757140945, "params": {"beta": 0.01, "gamma": 0.010000234957894349, "p": 0.11753788911772432}, "datetime": {"datetime": "2021-07-15 18:50:17", "elapsed": 22672.986096, "delta": 494.714977}}
{"target": -0.003976099428404465, "params": {"beta": 0.010000000000000007, "gamma": 0.6126256570676474, "p": 0.6564068561080322}, "datetime": {"datetime": "2021-07-15 18:58:07", "elapsed": 23143.687278, "delta": 470.701182}}
{"target": -0.004296468193945781, "params": {"beta": 0.01059645280364338, "gamma": 0.8493003200999893, "p": 0.6452751889818792}, "datetime": {"datetime": "2021-07-15 19:05:43", "elapsed": 23599.020673, "delta": 455.333395}}
{"target": -0.0040592449772510536, "params": {"beta": 0.13162248691109546, "gamma": 0.1049544328814224, "p": 0.500852917230329}, "datetime": {"datetime": "2021-07-15 19:15:19", "elapsed": 24175.742875, "delta": 576.722202}}
{"target": -0.0031246654335694768, "params": {"beta": 0.22129926391702612, "gamma": 0.12929446317467028, "p": 0.9078622755493341}, "datetime": {"datetime": "2021-07-15 19:25:44", "elapsed": 24800.740369, "delta": 624.997494}}
{"target": -0.00456139930585323, "params": {"beta": 0.011786389686203514, "gamma": 0.5036740892884415, "p": 0.12533123088096892}, "datetime": {"datetime": "2021-07-15 19:33:10", "elapsed": 25246.822128, "delta": 446.081759}}
{"target": -0.0027676935263253287, "params": {"beta": 0.10731595274968049, "gamma": 0.1851290623025035, "p": 0.8682675041668468}, "datetime": {"datetime": "2021-07-15 19:43:07", "elapsed": 25843.09512, "delta": 596.272992}}
{"target": -0.004152605801365331, "params": {"beta": 0.010000149841650926, "gamma": 0.8591044548878429, "p": 0.9871649109319002}, "datetime": {"datetime": "2021-07-15 19:51:01", "elapsed": 26317.034431, "delta": 473.939311}}
{"target": -0.0038885632241964733, "params": {"beta": 0.010909011107307052, "gamma": 0.4783622431271168, "p": 0.8427821147447445}, "datetime": {"datetime": "2021-07-15 19:59:37", "elapsed": 26833.46868, "delta": 516.434249}}
{"target": -0.0027862928473902267, "params": {"beta": 0.16639710259238272, "gamma": 0.14591947195692073, "p": 0.866381031552469}, "datetime": {"datetime": "2021-07-15 20:09:59", "elapsed": 27454.943107, "delta": 621.474427}}
{"target": -0.004034379060502712, "params": {"beta": 0.011267321685343836, "gamma": 0.4642410236528408, "p": 0.30642695852488594}, "datetime": {"datetime": "2021-07-15 20:17:58", "elapsed": 27933.944479, "delta": 479.001372}}
{"target": -0.004237171277719536, "params": {"beta": 0.010171898890328044, "gamma": 0.14123571182915182, "p": 0.08001697895092975}, "datetime": {"datetime": "2021-07-15 20:25:48", "elapsed": 28404.728586, "delta": 470.784107}}
{"target": -0.003831764881029142, "params": {"beta": 0.011032830448836304, "gamma": 0.39723708954526804, "p": 0.522365759272046}, "datetime": {"datetime": "2021-07-15 20:34:17", "elapsed": 28913.146338, "delta": 508.417752}}
{"target": -0.0027202802940669347, "params": {"beta": 0.16274186534846827, "gamma": 0.19227220697781758, "p": 0.9873838069533069}, "datetime": {"datetime": "2021-07-15 20:44:20", "elapsed": 29516.126024, "delta": 602.979686}}
