{"target": -0.23940745453067758, "params": {"beta": 0.7276219031074749, "gamma": 0.565845235141867, "p": 0.3051994122489931}, "datetime": {"datetime": "2021-07-15 07:46:33", "elapsed": 0.0, "delta": 0.0}}
{"target": -0.30512444369416597, "params": {"beta": 0.7749712669681181, "gamma": 0.497916792317126, "p": 0.12653198287708187}, "datetime": {"datetime": "2021-07-15 07:49:50", "elapsed": 196.43742, "delta": 196.43742}}
{"target": -0.15003644649199965, "params": {"beta": 0.39078833232721283, "gamma": 0.3967499347285554, "p": 0.3407750666686109}, "datetime": {"datetime": "2021-07-15 07:53:17", "elapsed": 403.600238, "delta": 207.162818}}
{"target": -0.056461701749633386, "params": {"beta": 0.09089974052861303, "gamma": 0.36789380024771157, "p": 0.41071357083294235}, "datetime": {"datetime": "2021-07-15 07:56:56", "elapsed": 622.611762, "delta": 219.011524}}
{"target": -0.06317770701144414, "params": {"beta": 0.924599368884012, "gamma": 0.29615242025164595, "p": 0.8318685506191031}, "datetime": {"datetime": "2021-07-15 08:01:03", "elapsed": 870.127064, "delta": 247.515302}}
{"target": -0.11842400902160713, "params": {"beta": 0.9794336418381338, "gamma": 0.4169687090988026, "p": 0.6931476367302184}, "datetime": {"datetime": "2021-07-15 08:04:51", "elapsed": 1097.557531, "delta": 227.430467}}
{"target": -0.1272870927252226, "params": {"beta": 0.9507307952726916, "gamma": 0.4402068756491916, "p": 0.6827545179510486}, "datetime": {"datetime": "2021-07-15 08:08:38", "elapsed": 1324.268885, "delta": 226.711354}}
{"target": -0.21700765523070595, "params": {"beta": 0.30120881631956814, "gamma": 0.968363597886813, "p": 0.6894552234761901}, "datetime": {"datetime": "2021-07-15 08:12:02", "elapsed": 1528.32333, "delta": 204.054445}}
{"target": -0.021900349120045272, "params": {"beta": 0.01, "gamma": 0.01, "p": 0.99}, "datetime": {"datetime": "2021-07-15 08:16:33", "elapsed": 1799.677138, "delta": 271.353808}}
{"target": -0.01957237611323664, "params": {"beta": 0.01, "gamma": 0.01, "p": 0.01}, "datetime": {"datetime": "2021-07-15 08:19:55", "elapsed": 2002.121576, "delta": 202.444438}}
{"target": -0.021469136708826504, "params": {"beta": 0.99, "gamma": 0.01, "p": 0.99}, "datetime": {"datetime": "2021-07-15 08:24:25", "elapsed": 2271.614138, "delta": 269.492562}}
{"target": -0.0207496149443218, "params": {"beta": 0.01, "gamma": 0.99, "p": 0.01}, "datetime": {"datetime": "2021-07-15 08:27:45", "elapsed": 2471.788321, "delta": 200.174183}}
{"target": -0.01012476314657057, "params": {"beta": 0.01, "gamma": 0.01, "p": 0.5141785201967799}, "datetime": {"datetime": "2021-07-15 08:32:20", "elapsed": 2746.639349, "delta": 274.851028}}
{"target": -0.1752999282757219, "params": {"beta": 0.9874821111626783, "gamma": 0.6818164813615197, "p": 0.9898820305794571}, "datetime": {"datetime": "2021-07-15 08:36:01", "elapsed": 2967.887091, "delta": 221.247742}}
{"target": -0.020794753524543762, "params": {"beta": 0.01, "gamma": 0.5520546510362535, "p": 0.01}, "datetime": {"datetime": "2021-07-15 08:39:21", "elapsed": 3167.41991, "delta": 199.532819}}
{"target": -0.021151119127900266, "params": {"beta": 0.5072929689210836, "gamma": 0.01, "p": 0.99}, "datetime": {"datetime": "2021-07-15 08:43:50", "elapsed": 3436.948105, "delta": 269.528195}}
{"target": -0.008349780439652, "params": {"beta": 0.01, "gamma": 0.01, "p": 0.2632357484020334}, "datetime": {"datetime": "2021-07-15 08:48:03", "elapsed": 3689.409801, "delta": 252.461696}}
{"target": -0.017703847100622824, "params": {"beta": 0.8279337668794734, "gamma": 0.010333014417774162, "p": 0.8435429478126982}, "datetime": {"datetime": "2021-07-15 08:52:46", "elapsed": 3972.435675, "delta": 283.025874}}
{"target": -0.018354152682379384, "params": {"beta": 0.01, "gamma": 0.7765702840461135, "p": 0.19004683527667987}, "datetime": {"datetime": "2021-07-15 08:56:04", "elapsed": 4170.671444, "delta": 198.235769}}
{"target": -0.01902852427230675, "params": {"beta": 0.7903788999947958, "gamma": 0.026536686038799287, "p": 0.974742346640847}, "datetime": {"datetime": "2021-07-15 09:00:45", "elapsed": 4451.326181, "delta": 280.654737}}
{"target": -0.017167150638907492, "params": {"beta": 0.01, "gamma": 0.010000003008387976, "p": 0.7803807506360205}, "datetime": {"datetime": "2021-07-15 09:05:33", "elapsed": 4740.006516, "delta": 288.680335}}
{"target": -0.007229177631221046, "params": {"beta": 0.013981882030877682, "gamma": 0.30333106354750417, "p": 0.9831779313373213}, "datetime": {"datetime": "2021-07-15 09:09:45", "elapsed": 4991.223983, "delta": 251.217467}}
{"target": -0.014062148324025445, "params": {"beta": 0.01, "gamma": 0.7411120446336419, "p": 0.99}, "datetime": {"datetime": "2021-07-15 09:13:22", "elapsed": 5208.719646, "delta": 217.495663}}
{"target": -0.011401182446950847, "params": {"beta": 0.010993714427658157, "gamma": 0.5151135806854489, "p": 0.8827602060184778}, "datetime": {"datetime": "2021-07-15 09:17:13", "elapsed": 5439.767691, "delta": 231.048045}}
{"target": -0.014037306352514321, "params": {"beta": 0.026432208691591366, "gamma": 0.45865700431640866, "p": 0.9882138609780579}, "datetime": {"datetime": "2021-07-15 09:21:09", "elapsed": 5675.850947, "delta": 236.083256}}
{"target": -0.01631244629886138, "params": {"beta": 0.01, "gamma": 0.99, "p": 0.99}, "datetime": {"datetime": "2021-07-15 09:24:41", "elapsed": 5887.781808, "delta": 211.930861}}
{"target": -0.007330711361987442, "params": {"beta": 0.01393702230828353, "gamma": 0.22789119594711454, "p": 0.6795558040717019}, "datetime": {"datetime": "2021-07-15 09:28:51", "elapsed": 6138.049063, "delta": 250.267255}}
{"target": -0.018320931308937385, "params": {"beta": 0.01, "gamma": 0.99, "p": 0.3724590317263548}, "datetime": {"datetime": "2021-07-15 09:32:20", "elapsed": 6346.206193, "delta": 208.15713}}
{"target": -0.013518822162847333, "params": {"beta": 0.01017923081730558, "gamma": 0.20819900552941498, "p": 0.17093916508546225}, "datetime": {"datetime": "2021-07-15 09:36:00", "elapsed": 6567.089271, "delta": 220.883078}}
{"target": -0.006866038636529396, "params": {"beta": 0.013821396014579159, "gamma": 0.21215631642701935, "p": 0.8138726484235197}, "datetime": {"datetime": "2021-07-15 09:40:20", "elapsed": 6826.976208, "delta": 259.886937}}
{"target": -0.009127628649686121, "params": {"beta": 0.010446399716045107, "gamma": 0.3575392996342762, "p": 0.8792082109137395}, "datetime": {"datetime": "2021-07-15 09:44:22", "elapsed": 7068.954193, "delta": 241.977985}}
{"target": -0.007567551925813392, "params": {"beta": 0.011180637571238519, "gamma": 0.10418549401490518, "p": 0.5154433451860859}, "datetime": {"datetime": "2021-07-15 09:48:47", "elapsed": 7333.49027, "delta": 264.536077}}
{"target": -0.007224929274836429, "params": {"beta": 0.012244909487962934, "gamma": 0.1436098571912512, "p": 0.6457923105248417}, "datetime": {"datetime": "2021-07-15 09:53:13", "elapsed": 7599.245706, "delta": 265.755436}}
{"target": -0.008392261870919229, "params": {"beta": 0.010000028755684162, "gamma": 0.09863643300816886, "p": 0.36339723833967585}, "datetime": {"datetime": "2021-07-15 09:57:23", "elapsed": 7849.990867, "delta": 250.745161}}
{"target": -0.00733003187632113, "params": {"beta": 0.012648023204941574, "gamma": 0.1892863692303789, "p": 0.9293371182914197}, "datetime": {"datetime": "2021-07-15 10:01:46", "elapsed": 8112.795243, "delta": 262.804376}}
{"target": -0.007913694804927042, "params": {"beta": 0.010172801581178354, "gamma": 0.20800448884125192, "p": 0.7981810454670079}, "datetime": {"datetime": "2021-07-15 10:06:08", "elapsed": 8375.147187, "delta": 262.351944}}
{"target": -0.017211864035900117, "params": {"beta": 0.010651903201641801, "gamma": 0.9821315261174419, "p": 0.758176992138635}, "datetime": {"datetime": "2021-07-15 10:09:35", "elapsed": 8582.106758, "delta": 206.959571}}
{"target": -0.015679722804289746, "params": {"beta": 0.0100473538031027, "gamma": 0.6949865463113395, "p": 0.5311125521921845}, "datetime": {"datetime": "2021-07-15 10:13:08", "elapsed": 8794.180917, "delta": 212.074159}}
{"target": -0.014683807404543784, "params": {"beta": 0.6031642050718646, "gamma": 0.01, "p": 0.7517017628428244}, "datetime": {"datetime": "2021-07-15 10:17:52", "elapsed": 9078.484287, "delta": 284.30337}}
{"target": -0.008706019596953144, "params": {"beta": 0.011044160489403035, "gamma": 0.26045630384322965, "p": 0.6101932942475885}, "datetime": {"datetime": "2021-07-15 10:22:00", "elapsed": 9326.31035, "delta": 247.826063}}
{"target": -0.007511440613554744, "params": {"beta": 0.010787778628375027, "gamma": 0.1441946684148317, "p": 0.6194471919623147}, "datetime": {"datetime": "2021-07-15 10:26:22", "elapsed": 9588.238062, "delta": 261.927712}}
{"target": -0.008048091545749802, "params": {"beta": 0.010052901848264892, "gamma": 0.24515859576308657, "p": 0.8591769752022339}, "datetime": {"datetime": "2021-07-15 10:30:39", "elapsed": 9845.443745, "delta": 257.205683}}
{"target": -0.007940873916829174, "params": {"beta": 0.010235786829865446, "gamma": 0.25602191614561054, "p": 0.8629137348212539}, "datetime": {"datetime": "2021-07-15 10:34:52", "elapsed": 10098.297694, "delta": 252.853949}}
{"target": -0.008734516356397087, "params": {"beta": 0.010583822283887488, "gamma": 0.2890455581218124, "p": 0.6982747587496512}, "datetime": {"datetime": "2021-07-15 10:38:55", "elapsed": 10341.981993, "delta": 243.684299}}
{"target": -0.006823327696000468, "params": {"beta": 0.014631023029867966, "gamma": 0.20810809486785692, "p": 0.9832249616234982}, "datetime": {"datetime": "2021-07-15 10:43:27", "elapsed": 10613.789078, "delta": 271.807085}}
{"target": -0.008918653898818903, "params": {"beta": 0.010016077768615593, "gamma": 0.36831790096243816, "p": 0.9435319823620962}, "datetime": {"datetime": "2021-07-15 10:47:28", "elapsed": 10854.895193, "delta": 241.106115}}
{"target": -0.007723321294975419, "params": {"beta": 0.01163426604751456, "gamma": 0.1965026544649693, "p": 0.9491813837354607}, "datetime": {"datetime": "2021-07-15 10:51:52", "elapsed": 11118.591484, "delta": 263.696291}}
{"target": -0.007662837537744142, "params": {"beta": 0.011005871933394206, "gamma": 0.22587334305148776, "p": 0.7674679061699068}, "datetime": {"datetime": "2021-07-15 10:56:14", "elapsed": 11380.649533, "delta": 262.058049}}
{"target": -0.007987808126397822, "params": {"beta": 0.01101810949303485, "gamma": 0.17490522899339114, "p": 0.5145018558840223}, "datetime": {"datetime": "2021-07-15 11:00:22", "elapsed": 11628.951447, "delta": 248.301914}}
{"target": -0.006669178646773053, "params": {"beta": 0.014032698838826095, "gamma": 0.23585684808119195, "p": 0.9810923928598705}, "datetime": {"datetime": "2021-07-15 11:04:43", "elapsed": 11889.406134, "delta": 260.454687}}
{"target": -0.007517468932019072, "params": {"beta": 0.012645274937237747, "gamma": 0.17511327372243943, "p": 0.9203587694590856}, "datetime": {"datetime": "2021-07-15 11:09:16", "elapsed": 12162.48932, "delta": 273.083186}}
{"target": -0.007664131731254581, "params": {"beta": 0.011207019706689053, "gamma": 0.09105442594673185, "p": 0.4056264359020614}, "datetime": {"datetime": "2021-07-15 11:13:25", "elapsed": 12412.13613, "delta": 249.64681}}
{"target": -0.008295159722645724, "params": {"beta": 0.010126403116161586, "gamma": 0.3195371493156745, "p": 0.964868072858294}, "datetime": {"datetime": "2021-07-15 11:17:37", "elapsed": 12663.785168, "delta": 251.649038}}
{"target": -0.008342646146098105, "params": {"beta": 0.010635865562122234, "gamma": 0.10188347949590702, "p": 0.6537176485121112}, "datetime": {"datetime": "2021-07-15 11:22:12", "elapsed": 12938.743858, "delta": 274.95869}}
{"target": -0.014767444427870636, "params": {"beta": 0.01002908318299864, "gamma": 0.730239601092932, "p": 0.7528070042615512}, "datetime": {"datetime": "2021-07-15 11:25:42", "elapsed": 13149.046326, "delta": 210.302468}}
