{"target": -0.11635550852159283, "params": {"beta": 0.7276219031074749, "gamma": 0.565845235141867, "p": 0.3051994122489931}, "datetime": {"datetime": "2021-07-14 14:22:16", "elapsed": 0.0, "delta": 0.0}}
{"target": -0.15922298522857836, "params": {"beta": 0.7749712669681181, "gamma": 0.497916792317126, "p": 0.12653198287708187}, "datetime": {"datetime": "2021-07-14 14:26:00", "elapsed": 224.777922, "delta": 224.777922}}
{"target": -0.06920755053507731, "params": {"beta": 0.39078833232721283, "gamma": 0.3967499347285554, "p": 0.3407750666686109}, "datetime": {"datetime": "2021-07-14 14:30:12", "elapsed": 476.36124, "delta": 251.583318}}
{"target": -0.01775226465890656, "params": {"beta": 0.09089974052861303, "gamma": 0.36789380024771157, "p": 0.41071357083294235}, "datetime": {"datetime": "2021-07-14 14:34:16", "elapsed": 720.434191, "delta": 244.072951}}
{"target": -0.018258541600046245, "params": {"beta": 0.924599368884012, "gamma": 0.29615242025164595, "p": 0.8318685506191031}, "datetime": {"datetime": "2021-07-14 14:38:59", "elapsed": 1003.352365, "delta": 282.918174}}
{"target": -0.04470993743677215, "params": {"beta": 0.9794336418381338, "gamma": 0.4169687090988026, "p": 0.6931476367302184}, "datetime": {"datetime": "2021-07-14 14:43:14", "elapsed": 1257.999702, "delta": 254.647337}}
{"target": -0.04916116324742395, "params": {"beta": 0.9507307952726916, "gamma": 0.4402068756491916, "p": 0.6827545179510486}, "datetime": {"datetime": "2021-07-14 14:47:20", "elapsed": 1504.521619, "delta": 246.521917}}
{"target": -0.11985802612903113, "params": {"beta": 0.30120881631956814, "gamma": 0.968363597886813, "p": 0.6894552234761901}, "datetime": {"datetime": "2021-07-14 14:51:03", "elapsed": 1727.341183, "delta": 222.819564}}
{"target": -0.039156764246477384, "params": {"beta": 0.01, "gamma": 0.01, "p": 0.99}, "datetime": {"datetime": "2021-07-14 14:56:02", "elapsed": 2026.675993, "delta": 299.33481}}
{"target": -0.008416116696725113, "params": {"beta": 0.01, "gamma": 0.01, "p": 0.01}, "datetime": {"datetime": "2021-07-14 14:59:51", "elapsed": 2255.7736, "delta": 229.097607}}
{"target": -0.008158575788130697, "params": {"beta": 0.01, "gamma": 0.99, "p": 0.01}, "datetime": {"datetime": "2021-07-14 15:03:33", "elapsed": 2477.520907, "delta": 221.747307}}
{"target": -0.03731485859499876, "params": {"beta": 0.99, "gamma": 0.01, "p": 0.99}, "datetime": {"datetime": "2021-07-14 15:08:32", "elapsed": 2776.705003, "delta": 299.184096}}
{"target": -0.13105905843830362, "params": {"beta": 0.99, "gamma": 0.99, "p": 0.99}, "datetime": {"datetime": "2021-07-14 15:12:22", "elapsed": 3006.052089, "delta": 229.347086}}
{"target": -0.008259446149669671, "params": {"beta": 0.01, "gamma": 0.502604826507129, "p": 0.01}, "datetime": {"datetime": "2021-07-14 15:16:08", "elapsed": 3232.500057, "delta": 226.447968}}
{"target": -0.02617323815839606, "params": {"beta": 0.01, "gamma": 0.01, "p": 0.5313102321762025}, "datetime": {"datetime": "2021-07-14 15:21:24", "elapsed": 3548.723716, "delta": 316.223659}}
{"target": -0.011241713514662063, "params": {"beta": 0.01, "gamma": 0.543632916647952, "p": 0.99}, "datetime": {"datetime": "2021-07-14 15:25:42", "elapsed": 3806.392153, "delta": 257.668437}}
{"target": -0.016187774210832024, "params": {"beta": 0.9696794207808132, "gamma": 0.3150099577175361, "p": 0.9897428799213799}, "datetime": {"datetime": "2021-07-14 15:30:29", "elapsed": 4093.81573, "delta": 287.423577}}
{"target": -0.013925897919018982, "params": {"beta": 0.39652360526384933, "gamma": 0.32675526351788714, "p": 0.98972737137691}, "datetime": {"datetime": "2021-07-14 15:35:13", "elapsed": 4377.631037, "delta": 283.815307}}
{"target": -0.009452611167131586, "params": {"beta": 0.015177291945531118, "gamma": 0.3173154477519616, "p": 0.7625037436286075}, "datetime": {"datetime": "2021-07-14 15:39:42", "elapsed": 4646.644586, "delta": 269.013549}}
{"target": -0.007438916554446377, "params": {"beta": 0.011615645351247752, "gamma": 0.723750037224743, "p": 0.32062244440675536}, "datetime": {"datetime": "2021-07-14 15:43:30", "elapsed": 4874.25656, "delta": 227.611974}}
{"target": -0.008087106496929694, "params": {"beta": 0.011556624668948476, "gamma": 0.307047771845845, "p": 0.16745410163039126}, "datetime": {"datetime": "2021-07-14 15:47:34", "elapsed": 5118.373251, "delta": 244.116691}}
{"target": -0.007740927436491168, "params": {"beta": 0.6649454112551828, "gamma": 0.16586784355781534, "p": 0.9853308421398049}, "datetime": {"datetime": "2021-07-14 15:52:54", "elapsed": 5438.816033, "delta": 320.442782}}
{"target": -0.008757434057935142, "params": {"beta": 0.011470249416523344, "gamma": 0.533207752009559, "p": 0.5858152745514896}, "datetime": {"datetime": "2021-07-14 15:57:02", "elapsed": 5686.220568, "delta": 247.404535}}
{"target": -0.008877888535880635, "params": {"beta": 0.010000006275300396, "gamma": 0.5799521867100395, "p": 0.21142174534272423}, "datetime": {"datetime": "2021-07-14 16:00:49", "elapsed": 5913.230285, "delta": 227.009717}}
{"target": -0.005126464140309189, "params": {"beta": 0.014330124636534143, "gamma": 0.8304805656560971, "p": 0.013242072295274914}, "datetime": {"datetime": "2021-07-14 16:04:27", "elapsed": 6131.19962, "delta": 217.969335}}
{"target": -0.008431525409907908, "params": {"beta": 0.4984056825517048, "gamma": 0.11592747452706637, "p": 0.8548822197023567}, "datetime": {"datetime": "2021-07-14 16:09:37", "elapsed": 6441.833971, "delta": 310.634351}}
{"target": -0.011668855353339771, "params": {"beta": 0.013422517452348313, "gamma": 0.3344785212486092, "p": 0.9750363134251493}, "datetime": {"datetime": "2021-07-14 16:14:22", "elapsed": 6726.919602, "delta": 285.085631}}
{"target": -0.008337838206878436, "params": {"beta": 0.010000004551444818, "gamma": 0.24511014710281284, "p": 0.010000004551453615}, "datetime": {"datetime": "2021-07-14 16:18:04", "elapsed": 6948.261526, "delta": 221.341924}}
{"target": -0.010081675803258453, "params": {"beta": 0.011210220162257045, "gamma": 0.35048558434745736, "p": 0.46698241603648827}, "datetime": {"datetime": "2021-07-14 16:22:24", "elapsed": 7208.586233, "delta": 260.324707}}
{"target": -0.0072447714267238165, "params": {"beta": 0.011415806353582934, "gamma": 0.9512449503984287, "p": 0.20372721557605805}, "datetime": {"datetime": "2021-07-14 16:26:13", "elapsed": 7437.467656, "delta": 228.881423}}
{"target": -0.012209748871278882, "params": {"beta": 0.3819378915521064, "gamma": 0.11030942410141775, "p": 0.9865636264403657}, "datetime": {"datetime": "2021-07-14 16:31:39", "elapsed": 7763.015681, "delta": 325.548025}}
{"target": -0.006031208286007978, "params": {"beta": 0.012842817218662568, "gamma": 0.8700734502609306, "p": 0.045015000030236084}, "datetime": {"datetime": "2021-07-14 16:35:25", "elapsed": 7989.826842, "delta": 226.811161}}
{"target": -0.007948786146151151, "params": {"beta": 0.010729462334732414, "gamma": 0.7971772409410673, "p": 0.17640290840381165}, "datetime": {"datetime": "2021-07-14 16:39:12", "elapsed": 8216.758747, "delta": 226.931905}}
{"target": -0.007690544535384151, "params": {"beta": 0.5684604972496272, "gamma": 0.21832476112088398, "p": 0.9043514190577047}, "datetime": {"datetime": "2021-07-14 16:44:15", "elapsed": 8519.764384, "delta": 303.005637}}
{"target": -0.009016176349227216, "params": {"beta": 0.012701007482707223, "gamma": 0.4716406433989339, "p": 0.8363049656531383}, "datetime": {"datetime": "2021-07-14 16:48:37", "elapsed": 8781.188147, "delta": 261.423763}}
{"target": -0.00828178854258602, "params": {"beta": 0.010000004077349975, "gamma": 0.7940705798877542, "p": 0.010000002002968201}, "datetime": {"datetime": "2021-07-14 16:52:20", "elapsed": 9004.666361, "delta": 223.478214}}
{"target": -0.008229951909158578, "params": {"beta": 0.6595936454488923, "gamma": 0.13261738567726275, "p": 0.863966490972782}, "datetime": {"datetime": "2021-07-14 16:57:37", "elapsed": 9321.293685, "delta": 316.627324}}
{"target": -0.012491904955256457, "params": {"beta": 0.01, "gamma": 0.01, "p": 0.17335940651835746}, "datetime": {"datetime": "2021-07-14 17:02:06", "elapsed": 9590.189658, "delta": 268.895973}}
{"target": -0.0054719101535774615, "params": {"beta": 0.25799730946500665, "gamma": 0.2091523227151919, "p": 0.826137147821958}, "datetime": {"datetime": "2021-07-14 17:07:02", "elapsed": 9886.880843, "delta": 296.691185}}
{"target": -0.007158676704377564, "params": {"beta": 0.32618145780651703, "gamma": 0.23084590883600584, "p": 0.8546634454855858}, "datetime": {"datetime": "2021-07-14 17:11:55", "elapsed": 10179.59504, "delta": 292.714197}}
{"target": -0.006773984198808497, "params": {"beta": 0.1884794354726951, "gamma": 0.27239483980239243, "p": 0.8730584057993366}, "datetime": {"datetime": "2021-07-14 17:16:47", "elapsed": 10471.391099, "delta": 291.796059}}
{"target": -0.004341267909506544, "params": {"beta": 0.22103286770774602, "gamma": 0.15320817653915403, "p": 0.7907952901667908}, "datetime": {"datetime": "2021-07-14 17:21:49", "elapsed": 10773.111561, "delta": 301.720462}}
{"target": -0.011154471859498694, "params": {"beta": 0.3100030977709047, "gamma": 0.056309561861114465, "p": 0.7319967452262298}, "datetime": {"datetime": "2021-07-14 17:27:08", "elapsed": 11092.872789, "delta": 319.761228}}
{"target": -0.00536880974548097, "params": {"beta": 0.21847504925582897, "gamma": 0.19355422591036903, "p": 0.728395976421987}, "datetime": {"datetime": "2021-07-14 17:32:03", "elapsed": 11387.099272, "delta": 294.226483}}
{"target": -0.009128572396589636, "params": {"beta": 0.01, "gamma": 0.99, "p": 0.9899999961650211}, "datetime": {"datetime": "2021-07-14 17:35:58", "elapsed": 11622.963427, "delta": 235.864155}}
{"target": -0.008464576614495133, "params": {"beta": 0.010736304941098593, "gamma": 0.7965265682930786, "p": 0.5882510718419397}, "datetime": {"datetime": "2021-07-14 17:39:55", "elapsed": 11859.452163, "delta": 236.488736}}
{"target": -0.00710019009814409, "params": {"beta": 0.011764687458020917, "gamma": 0.986659349431439, "p": 0.39287566165116705}, "datetime": {"datetime": "2021-07-14 17:43:38", "elapsed": 12082.613906, "delta": 223.161743}}
{"target": -0.008460209686803602, "params": {"beta": 0.01032911221777941, "gamma": 0.9129450367315336, "p": 0.40651527479137195}, "datetime": {"datetime": "2021-07-14 17:47:24", "elapsed": 12308.0445, "delta": 225.430594}}
{"target": -0.007817203167275442, "params": {"beta": 0.011221378679329928, "gamma": 0.9414954691176426, "p": 0.738450911728177}, "datetime": {"datetime": "2021-07-14 17:51:11", "elapsed": 12535.762459, "delta": 227.717959}}
{"target": -0.004397525136816432, "params": {"beta": 0.2120238388609671, "gamma": 0.1605732467492047, "p": 0.8514290438140107}, "datetime": {"datetime": "2021-07-14 17:56:12", "elapsed": 12835.985245, "delta": 300.222786}}
{"target": -0.008812827806756471, "params": {"beta": 0.0107575253978639, "gamma": 0.8074036328932761, "p": 0.9554747006695322}, "datetime": {"datetime": "2021-07-14 18:00:04", "elapsed": 13068.949751, "delta": 232.964506}}
{"target": -0.003579128143948295, "params": {"beta": 0.1746304533553227, "gamma": 0.17325163815806108, "p": 0.7977081692955302}, "datetime": {"datetime": "2021-07-14 18:05:00", "elapsed": 13364.210639, "delta": 295.260888}}
{"target": -0.004689013718048394, "params": {"beta": 0.22067395200210738, "gamma": 0.14860698569836694, "p": 0.8232239337111489}, "datetime": {"datetime": "2021-07-14 18:10:00", "elapsed": 13664.244214, "delta": 300.033575}}
{"target": -0.004112861783054607, "params": {"beta": 0.1826252704685206, "gamma": 0.20032605904583203, "p": 0.7950576770024789}, "datetime": {"datetime": "2021-07-14 18:14:50", "elapsed": 13954.793581, "delta": 290.549367}}
{"target": -0.0036723880241800125, "params": {"beta": 0.1692556493538194, "gamma": 0.1970352912900097, "p": 0.8096781815308466}, "datetime": {"datetime": "2021-07-14 18:19:41", "elapsed": 14245.596361, "delta": 290.80278}}
{"target": -0.004136722392621452, "params": {"beta": 0.19424570909425884, "gamma": 0.1990886705605686, "p": 0.8250928808304755}, "datetime": {"datetime": "2021-07-14 18:24:31", "elapsed": 14535.320913, "delta": 289.724552}}
