{"target": -1.9211986508334469, "params": {"beta": 0.7276219031074749, "gamma": 0.565845235141867, "p": 0.3051994122489931}, "datetime": {"datetime": "2020-09-18 10:53:27", "elapsed": 0.0, "delta": 0.0}}
{"target": -2.1866348145464496, "params": {"beta": 0.7749712669681181, "gamma": 0.497916792317126, "p": 0.12653198287708187}, "datetime": {"datetime": "2020-09-18 10:58:32", "elapsed": 305.449831, "delta": 305.449831}}
{"target": -1.745687659186564, "params": {"beta": 0.39078833232721283, "gamma": 0.3967499347285554, "p": 0.3407750666686109}, "datetime": {"datetime": "2020-09-18 11:03:55", "elapsed": 627.785446, "delta": 322.335615}}
{"target": -1.670003475063268, "params": {"beta": 0.09089974052861303, "gamma": 0.36789380024771157, "p": 0.41071357083294235}, "datetime": {"datetime": "2020-09-18 11:09:20", "elapsed": 953.465262, "delta": 325.679816}}
{"target": -1.336833640848458, "params": {"beta": 0.924599368884012, "gamma": 0.29615242025164595, "p": 0.8318685506191031}, "datetime": {"datetime": "2020-09-18 11:15:03", "elapsed": 1296.26261, "delta": 342.797348}}
{"target": -1.4931809602022628, "params": {"beta": 0.9794336418381338, "gamma": 0.4169687090988026, "p": 0.6931476367302184}, "datetime": {"datetime": "2020-09-18 11:20:39", "elapsed": 1632.109002, "delta": 335.846392}}
{"target": -1.524221389569569, "params": {"beta": 0.9507307952726916, "gamma": 0.4402068756491916, "p": 0.6827545179510486}, "datetime": {"datetime": "2020-09-18 11:26:11", "elapsed": 1964.180591, "delta": 332.071589}}
{"target": -1.9568031857635086, "params": {"beta": 0.30120881631956814, "gamma": 0.968363597886813, "p": 0.6894552234761901}, "datetime": {"datetime": "2020-09-18 11:31:25", "elapsed": 2278.016744, "delta": 313.836153}}
{"target": -1.0985285074517255, "params": {"beta": 0.01, "gamma": 0.01, "p": 0.99}, "datetime": {"datetime": "2020-09-18 11:37:07", "elapsed": 2620.383311, "delta": 342.366567}}
{"target": -1.0976369423796373, "params": {"beta": 0.99, "gamma": 0.01, "p": 0.99}, "datetime": {"datetime": "2020-09-18 11:42:50", "elapsed": 2962.918215, "delta": 342.534904}}
{"target": -1.1014898765783718, "params": {"beta": 0.4453551589741674, "gamma": 0.01, "p": 0.99}, "datetime": {"datetime": "2020-09-18 11:48:29", "elapsed": 3302.586329, "delta": 339.668114}}
{"target": -1.1609548307968418, "params": {"beta": 0.99, "gamma": 0.01, "p": 0.6836927914617695}, "datetime": {"datetime": "2020-09-18 11:54:20", "elapsed": 3653.26075, "delta": 350.674421}}
{"target": -1.1584512146556865, "params": {"beta": 0.17238662944201966, "gamma": 0.0144996599008218, "p": 0.7452463742363373}, "datetime": {"datetime": "2020-09-18 12:00:10", "elapsed": 4003.482565, "delta": 350.221815}}
{"target": -1.113096855020773, "params": {"beta": 0.7216199496879544, "gamma": 0.01, "p": 0.8589226881310996}, "datetime": {"datetime": "2020-09-18 12:05:57", "elapsed": 4350.20722, "delta": 346.724655}}
{"target": -1.109225375779258, "params": {"beta": 0.19862843010816264, "gamma": 0.01, "p": 0.99}, "datetime": {"datetime": "2020-09-18 12:11:38", "elapsed": 4691.118039, "delta": 340.910819}}
{"target": -1.100115498018088, "params": {"beta": 0.760047139306337, "gamma": 0.01, "p": 0.99}, "datetime": {"datetime": "2020-09-18 12:17:20", "elapsed": 5033.346944, "delta": 342.228905}}
{"target": -1.1051432624752309, "params": {"beta": 0.99, "gamma": 0.01, "p": 0.8828279248032204}, "datetime": {"datetime": "2020-09-18 12:23:07", "elapsed": 5379.984321, "delta": 346.637377}}
{"target": -1.0978184204721508, "params": {"beta": 0.6182313863219605, "gamma": 0.01, "p": 0.99}, "datetime": {"datetime": "2020-09-18 12:28:48", "elapsed": 5720.956599, "delta": 340.972278}}
{"target": -1.1124275564728998, "params": {"beta": 0.01, "gamma": 0.01, "p": 0.8834822112333378}, "datetime": {"datetime": "2020-09-18 12:34:35", "elapsed": 6068.146234, "delta": 347.189635}}
{"target": -1.1034989587851816, "params": {"beta": 0.47985794741175497, "gamma": 0.01, "p": 0.9281130519855519}, "datetime": {"datetime": "2020-09-18 12:40:18", "elapsed": 6410.922403, "delta": 342.776169}}
{"target": -1.10147889535744, "params": {"beta": 0.989999999142765, "gamma": 0.010000000928453396, "p": 0.9899999990519722}, "datetime": {"datetime": "2020-09-18 12:45:53", "elapsed": 6746.56376, "delta": 335.641357}}
{"target": -1.109692085714451, "params": {"beta": 0.019987324403371927, "gamma": 0.0100384260225955, "p": 0.9755767319577074}, "datetime": {"datetime": "2020-09-18 12:51:31", "elapsed": 7084.31601, "delta": 337.75225}}
{"target": -999.0, "params": {"beta": 0.01, "gamma": 0.01, "p": 0.01}, "datetime": {"datetime": "2020-09-18 12:56:30", "elapsed": 7383.419547, "delta": 299.103537}}
{"target": -1.249390058888997, "params": {"beta": 0.838711716412519, "gamma": 0.13740107624663336, "p": 0.7231394253746735}, "datetime": {"datetime": "2020-09-18 13:02:12", "elapsed": 7725.207371, "delta": 341.787824}}
{"target": -1.182142407786712, "params": {"beta": 0.9105764046888084, "gamma": 0.0896911978757889, "p": 0.7960477640964171}, "datetime": {"datetime": "2020-09-18 13:07:58", "elapsed": 8071.320412, "delta": 346.113041}}
{"target": -1.6725547580959925, "params": {"beta": 0.129771869121324, "gamma": 0.39848083419764546, "p": 0.4412413554351583}, "datetime": {"datetime": "2020-09-18 13:13:20", "elapsed": 8393.173184, "delta": 321.852772}}
{"target": -2.130552542779567, "params": {"beta": 0.06553365949159647, "gamma": 0.845422861686129, "p": 0.3432674769944175}, "datetime": {"datetime": "2020-09-18 13:18:28", "elapsed": 8701.239999, "delta": 308.066815}}
{"target": -1.978810657720814, "params": {"beta": 0.9486687997767277, "gamma": 0.6067295121779546, "p": 0.28234966218409313}, "datetime": {"datetime": "2020-09-18 13:23:38", "elapsed": 9011.221703, "delta": 309.981704}}
{"target": -1.9958527986309367, "params": {"beta": 0.8158715917815417, "gamma": 0.5497791281023076, "p": 0.2375268996008759}, "datetime": {"datetime": "2020-09-18 13:28:52", "elapsed": 9324.741787, "delta": 313.520084}}
{"target": -2.2703892718414953, "params": {"beta": 0.034332493292138055, "gamma": 0.7234108955006803, "p": 0.10037328608438295}, "datetime": {"datetime": "2020-09-18 13:33:56", "elapsed": 9629.049068, "delta": 304.307281}}
{"target": -1.1305634344874966, "params": {"beta": 0.15158045143440285, "gamma": 0.015009445869273105, "p": 0.8427314427925935}, "datetime": {"datetime": "2020-09-18 13:39:42", "elapsed": 9975.335192, "delta": 346.286124}}
{"target": -1.3929892142370768, "params": {"beta": 0.9227800499621551, "gamma": 0.3158083047924768, "p": 0.7465490741572806}, "datetime": {"datetime": "2020-09-18 13:45:16", "elapsed": 10309.213951, "delta": 333.878759}}
{"target": -1.103553033066215, "params": {"beta": 0.9218217405885885, "gamma": 0.026232764914199548, "p": 0.9390014358990947}, "datetime": {"datetime": "2020-09-18 13:50:58", "elapsed": 10650.969202, "delta": 341.755251}}
{"target": -1.1137001293016746, "params": {"beta": 0.7228077913810322, "gamma": 0.036904416674627245, "p": 0.9150451593148232}, "datetime": {"datetime": "2020-09-18 13:56:41", "elapsed": 10993.969095, "delta": 342.999893}}
{"target": -1.5681151758888894, "params": {"beta": 0.10846253867034263, "gamma": 0.5692248621006722, "p": 0.9124716806993884}, "datetime": {"datetime": "2020-09-18 14:02:06", "elapsed": 11319.153019, "delta": 325.183924}}
{"target": -1.1684419683034506, "params": {"beta": 0.9335299811906841, "gamma": 0.04512126605066527, "p": 0.7430657740253163}, "datetime": {"datetime": "2020-09-18 14:07:55", "elapsed": 11668.58515, "delta": 349.432131}}
{"target": -1.2751240657314018, "params": {"beta": 0.8978316891898412, "gamma": 0.19662535771771214, "p": 0.7806224645957899}, "datetime": {"datetime": "2020-09-18 14:13:41", "elapsed": 12014.577538, "delta": 345.992388}}
{"target": -1.1056526197670615, "params": {"beta": 0.9798630661032335, "gamma": 0.025995924212920594, "p": 0.9423342769122737}, "datetime": {"datetime": "2020-09-18 14:19:24", "elapsed": 12357.363279, "delta": 342.785741}}
{"target": -1.1088452228637562, "params": {"beta": 0.7874046628992238, "gamma": 0.01, "p": 0.9095859381370254}, "datetime": {"datetime": "2020-09-18 14:25:07", "elapsed": 12700.149462, "delta": 342.786183}}
{"target": -1.816326911728726, "params": {"beta": 0.19386708913547682, "gamma": 0.5348556677005082, "p": 0.40847720494995754}, "datetime": {"datetime": "2020-09-18 14:30:21", "elapsed": 13014.429393, "delta": 314.279931}}
{"target": -1.7222884015548712, "params": {"beta": 0.095984230363791, "gamma": 0.42237542450767657, "p": 0.40980652653178296}, "datetime": {"datetime": "2020-09-18 14:35:38", "elapsed": 13331.048364, "delta": 316.618971}}
{"target": -1.7625709483625742, "params": {"beta": 0.3448833736403483, "gamma": 0.44130803095259535, "p": 0.36893487678858905}, "datetime": {"datetime": "2020-09-18 14:40:55", "elapsed": 13648.227388, "delta": 317.179024}}
{"target": -1.1080366358118745, "params": {"beta": 0.5595874976852484, "gamma": 0.017243869019536902, "p": 0.9655894878173374}, "datetime": {"datetime": "2020-09-18 14:46:37", "elapsed": 13989.96911, "delta": 341.741722}}
{"target": -1.1060569906373736, "params": {"beta": 0.7212531255161398, "gamma": 0.014025997799650811, "p": 0.9498482564096575}, "datetime": {"datetime": "2020-09-18 14:52:15", "elapsed": 14328.624859, "delta": 338.655749}}
{"target": -2.2491099746947074, "params": {"beta": 0.8957504395244171, "gamma": 0.9475721609278888, "p": 0.28783726786743585}, "datetime": {"datetime": "2020-09-18 14:57:18", "elapsed": 14631.410821, "delta": 302.785962}}
{"target": -1.1767713132659854, "params": {"beta": 0.8340811222423709, "gamma": 0.0805912984085823, "p": 0.8135272502481173}, "datetime": {"datetime": "2020-09-18 15:03:03", "elapsed": 14976.38317, "delta": 344.972349}}
{"target": -2.168530934405802, "params": {"beta": 0.3137956694842535, "gamma": 0.8978989063404894, "p": 0.33062279121204424}, "datetime": {"datetime": "2020-09-18 15:08:10", "elapsed": 15282.748265, "delta": 306.365095}}
{"target": -999.0, "params": {"beta": 0.170972004109092, "gamma": 0.81086559454883, "p": 0.32726508291434403}, "datetime": {"datetime": "2020-09-18 15:13:19", "elapsed": 15592.634908, "delta": 309.886643}}
{"target": -1.6858154642170498, "params": {"beta": 0.10574353573141196, "gamma": 0.3964373694349462, "p": 0.42064115907384436}, "datetime": {"datetime": "2020-09-18 15:18:41", "elapsed": 15914.203768, "delta": 321.56886}}
{"target": -1.5105921195778738, "params": {"beta": 0.9646507053469632, "gamma": 0.4281749000635814, "p": 0.6881904585608156}, "datetime": {"datetime": "2020-09-18 15:24:09", "elapsed": 16242.665847, "delta": 328.462079}}
{"target": -1.993697758654862, "params": {"beta": 0.5987305490008721, "gamma": 0.8922598392758302, "p": 0.5300718378642062}, "datetime": {"datetime": "2020-09-18 15:29:19", "elapsed": 16551.724884, "delta": 309.059037}}
{"target": -1.1055539859668735, "params": {"beta": 0.7407847768690695, "gamma": 0.01949139799338855, "p": 0.9226337889588603}, "datetime": {"datetime": "2020-09-18 15:35:02", "elapsed": 16895.354336, "delta": 343.629452}}
{"target": -1.9324804880609665, "params": {"beta": 0.28010126052360496, "gamma": 0.5267595193204347, "p": 0.28180913668136726}, "datetime": {"datetime": "2020-09-18 15:40:14", "elapsed": 17207.520523, "delta": 312.166187}}
{"target": -1.1044696194973627, "params": {"beta": 0.9440787221998226, "gamma": 0.023113118511945915, "p": 0.9398337969418118}, "datetime": {"datetime": "2020-09-18 15:45:57", "elapsed": 17550.128859, "delta": 342.608336}}
{"target": -1.1002107086117654, "params": {"beta": 0.9830116216749554, "gamma": 0.014348216743478893, "p": 0.9732747159115801}, "datetime": {"datetime": "2020-09-18 15:51:35", "elapsed": 17888.650264, "delta": 338.521405}}
{"target": -999.0, "params": {"beta": 0.9638765760414199, "gamma": 0.686965903933503, "p": 0.04192188153795335}, "datetime": {"datetime": "2020-09-18 15:56:34", "elapsed": 18187.012151, "delta": 298.361887}}
{"target": -1.748644890165546, "params": {"beta": 0.37910432027741636, "gamma": 0.40812397808538703, "p": 0.34770563502510254}, "datetime": {"datetime": "2020-09-18 16:01:55", "elapsed": 18508.078141, "delta": 321.06599}}
{"target": -1.1090639803268407, "params": {"beta": 0.9830602103050143, "gamma": 0.013972120958068138, "p": 0.8982976538344868}, "datetime": {"datetime": "2020-09-18 16:07:41", "elapsed": 18854.709216, "delta": 346.631075}}
