{"target": -0.06730513212412409, "params": {"beta": 0.7276219031074749, "gamma": 0.565845235141867, "p": 0.3051994122489931}, "datetime": {"datetime": "2020-09-17 12:20:48", "elapsed": 0.0, "delta": 0.0}}
{"target": -0.11171313377766012, "params": {"beta": 0.7749712669681181, "gamma": 0.497916792317126, "p": 0.12653198287708187}, "datetime": {"datetime": "2020-09-17 12:28:08", "elapsed": 440.247712, "delta": 440.247712}}
{"target": -0.04103082178162957, "params": {"beta": 0.39078833232721283, "gamma": 0.3967499347285554, "p": 0.3407750666686109}, "datetime": {"datetime": "2020-09-17 12:35:44", "elapsed": 896.245994, "delta": 455.998282}}
{"target": -0.01738805494374034, "params": {"beta": 0.09089974052861303, "gamma": 0.36789380024771157, "p": 0.41071357083294235}, "datetime": {"datetime": "2020-09-17 12:43:26", "elapsed": 1357.974693, "delta": 461.728699}}
{"target": -0.011794378230045836, "params": {"beta": 0.924599368884012, "gamma": 0.29615242025164595, "p": 0.8318685506191031}, "datetime": {"datetime": "2020-09-17 12:51:30", "elapsed": 1842.130263, "delta": 484.15557}}
{"target": -0.019469291792332307, "params": {"beta": 0.9794336418381338, "gamma": 0.4169687090988026, "p": 0.6931476367302184}, "datetime": {"datetime": "2020-09-17 12:59:18", "elapsed": 2310.189066, "delta": 468.058803}}
{"target": -0.02138021192350374, "params": {"beta": 0.9507307952726916, "gamma": 0.4402068756491916, "p": 0.6827545179510486}, "datetime": {"datetime": "2020-09-17 13:07:08", "elapsed": 2779.616923, "delta": 469.427857}}
{"target": -0.06202008443391985, "params": {"beta": 0.30120881631956814, "gamma": 0.968363597886813, "p": 0.6894552234761901}, "datetime": {"datetime": "2020-09-17 13:14:37", "elapsed": 3228.78228, "delta": 449.165357}}
{"target": -0.028874873287174675, "params": {"beta": 0.01, "gamma": 0.01, "p": 0.99}, "datetime": {"datetime": "2020-09-17 13:22:42", "elapsed": 3713.808651, "delta": 485.026371}}
{"target": -0.05540088035804755, "params": {"beta": 0.99, "gamma": 0.99, "p": 0.99}, "datetime": {"datetime": "2020-09-17 13:30:17", "elapsed": 4169.195463, "delta": 455.386812}}
{"target": -0.012274311101159854, "params": {"beta": 0.01, "gamma": 0.01, "p": 0.33306773027607134}, "datetime": {"datetime": "2020-09-17 13:38:18", "elapsed": 4649.787656, "delta": 480.592193}}
{"target": -0.025340643579554168, "params": {"beta": 0.9895593421591354, "gamma": 0.017683580076201067, "p": 0.8887091123508917}, "datetime": {"datetime": "2020-09-17 13:46:31", "elapsed": 5142.442535, "delta": 492.654879}}
{"target": -0.013744080031900863, "params": {"beta": 0.021025546445913985, "gamma": 0.05471415985214917, "p": 0.6125209861957142}, "datetime": {"datetime": "2020-09-17 13:54:43", "elapsed": 5634.727353, "delta": 492.284818}}
{"target": -0.02176099209026127, "params": {"beta": 0.012925341405567035, "gamma": 0.9199210824196462, "p": 0.04241054185577493}, "datetime": {"datetime": "2020-09-17 14:01:58", "elapsed": 6070.059256, "delta": 435.331903}}
{"target": -0.013534578161781486, "params": {"beta": 0.9693114595670531, "gamma": 0.43493995005570646, "p": 0.9654688044034322}, "datetime": {"datetime": "2020-09-17 14:10:00", "elapsed": 6551.446768, "delta": 481.387512}}
{"target": -0.022119910047342494, "params": {"beta": 0.01, "gamma": 0.29499246718004085, "p": 0.010000010718671723}, "datetime": {"datetime": "2020-09-17 14:17:16", "elapsed": 6988.262975, "delta": 436.816207}}
{"target": -0.02711689513041364, "params": {"beta": 0.5622595639520681, "gamma": 0.017540175006930697, "p": 0.9697428746248915}, "datetime": {"datetime": "2020-09-17 14:25:22", "elapsed": 7473.440652, "delta": 485.177677}}
{"target": -0.01573318401820359, "params": {"beta": 0.01182426289620381, "gamma": 0.6260760779093791, "p": 0.33274321021394887}, "datetime": {"datetime": "2020-09-17 14:32:51", "elapsed": 7922.662649, "delta": 449.221997}}
{"target": -0.012281771804183198, "params": {"beta": 0.010633362867975431, "gamma": 0.1939198925536958, "p": 0.30733712149295983}, "datetime": {"datetime": "2020-09-17 14:40:41", "elapsed": 8393.228311, "delta": 470.565662}}
{"target": -0.012714683707903001, "params": {"beta": 0.7395340968313923, "gamma": 0.3765214265031836, "p": 0.887067303938903}, "datetime": {"datetime": "2020-09-17 14:48:45", "elapsed": 8876.774338, "delta": 483.546027}}
{"target": -0.010924959876358423, "params": {"beta": 0.011947811148856473, "gamma": 0.27887526047427286, "p": 0.5726493864049598}, "datetime": {"datetime": "2020-09-17 14:56:41", "elapsed": 9352.43914, "delta": 475.664802}}
{"target": -0.011754023818572091, "params": {"beta": 0.010109765122896786, "gamma": 0.21356161207662688, "p": 0.39832407162110917}, "datetime": {"datetime": "2020-09-17 15:04:31", "elapsed": 9823.06972, "delta": 470.63058}}
{"target": -0.01181205934767762, "params": {"beta": 0.9752638651834004, "gamma": 0.3331490956971548, "p": 0.9206083819032738}, "datetime": {"datetime": "2020-09-17 15:12:39", "elapsed": 10311.089125, "delta": 488.019405}}
{"target": -0.011908086454746138, "params": {"beta": 0.7962924699034266, "gamma": 0.28732525240815915, "p": 0.8202376166143243}, "datetime": {"datetime": "2020-09-17 15:20:51", "elapsed": 10802.440968, "delta": 491.351843}}
{"target": -0.011438818823461306, "params": {"beta": 0.010040223404639628, "gamma": 0.20448636199045092, "p": 0.4566311894543378}, "datetime": {"datetime": "2020-09-17 15:28:50", "elapsed": 11281.90311, "delta": 479.462142}}
{"target": -0.011566968634423896, "params": {"beta": 0.01056753154041056, "gamma": 0.4124662637681172, "p": 0.57398106929284}, "datetime": {"datetime": "2020-09-17 15:36:38", "elapsed": 11749.572267, "delta": 467.669157}}
{"target": -0.011809194225704521, "params": {"beta": 0.46463821060278737, "gamma": 0.3052774364580032, "p": 0.8022581447846763}, "datetime": {"datetime": "2020-09-17 15:44:40", "elapsed": 12231.431007, "delta": 481.85874}}
{"target": -0.021822507637643762, "params": {"beta": 0.010000000461279473, "gamma": 0.01, "p": 0.01}, "datetime": {"datetime": "2020-09-17 15:51:56", "elapsed": 12667.80751, "delta": 436.376503}}
{"target": -0.009874357324934597, "params": {"beta": 0.014764472435024621, "gamma": 0.38909746847315524, "p": 0.8402140096872049}, "datetime": {"datetime": "2020-09-17 15:59:56", "elapsed": 13148.253459, "delta": 480.445949}}
{"target": -0.00887062473110944, "params": {"beta": 0.01970423013100873, "gamma": 0.4394202083563772, "p": 0.9829277842480906}, "datetime": {"datetime": "2020-09-17 16:07:55", "elapsed": 13626.542856, "delta": 478.289397}}
{"target": -0.010349156822509413, "params": {"beta": 0.23913591979257628, "gamma": 0.36241253303419907, "p": 0.9835276842550711}, "datetime": {"datetime": "2020-09-17 16:15:59", "elapsed": 14110.863682, "delta": 484.320826}}
{"target": -0.009941626832104542, "params": {"beta": 0.01488052726014661, "gamma": 0.6202154739015772, "p": 0.9867678576812058}, "datetime": {"datetime": "2020-09-17 16:23:48", "elapsed": 14579.560863, "delta": 468.697181}}
{"target": -0.014904660320261607, "params": {"beta": 0.26369662183663495, "gamma": 0.5151647003769052, "p": 0.971901037410259}, "datetime": {"datetime": "2020-09-17 16:31:43", "elapsed": 15054.781365, "delta": 475.220502}}
{"target": -0.009163037347724935, "params": {"beta": 0.019741982767898916, "gamma": 0.41084687061915837, "p": 0.9695668151898106}, "datetime": {"datetime": "2020-09-17 16:39:44", "elapsed": 15535.546145, "delta": 480.76478}}
{"target": -0.009200375738444204, "params": {"beta": 0.016860175322206114, "gamma": 0.4866496481627797, "p": 0.9293540741974425}, "datetime": {"datetime": "2020-09-17 16:47:39", "elapsed": 16010.876086, "delta": 475.329941}}
{"target": -0.010667220236671469, "params": {"beta": 0.011423415152922466, "gamma": 0.4612008271006455, "p": 0.8149807081767194}, "datetime": {"datetime": "2020-09-17 16:55:32", "elapsed": 16483.657936, "delta": 472.78185}}
{"target": -0.007385423529096574, "params": {"beta": 0.034709542155604164, "gamma": 0.47812556537427336, "p": 0.9822841186241845}, "datetime": {"datetime": "2020-09-17 17:03:38", "elapsed": 16969.998257, "delta": 486.340321}}
{"target": -0.009173080278074482, "params": {"beta": 0.018410377143431723, "gamma": 0.41856860631135523, "p": 0.9689880675466098}, "datetime": {"datetime": "2020-09-17 17:11:41", "elapsed": 17452.528698, "delta": 482.530441}}
{"target": -0.010548912426417475, "params": {"beta": 0.23603690072735672, "gamma": 0.27510800889636194, "p": 0.8155093203031472}, "datetime": {"datetime": "2020-09-17 17:19:45", "elapsed": 17936.958687, "delta": 484.429989}}
{"target": -0.010854496732569082, "params": {"beta": 0.010408424189886752, "gamma": 0.5638977351570449, "p": 0.9548312665719562}, "datetime": {"datetime": "2020-09-17 17:27:35", "elapsed": 18406.971324, "delta": 470.012637}}
{"target": -0.007079541517584116, "params": {"beta": 0.06414224876260947, "gamma": 0.43745980780220406, "p": 0.9838225963973571}, "datetime": {"datetime": "2020-09-17 17:35:36", "elapsed": 18887.773015, "delta": 480.801691}}
{"target": -0.010923124069583345, "params": {"beta": 0.01129704701765618, "gamma": 0.45008136074183935, "p": 0.9599727770341228}, "datetime": {"datetime": "2020-09-17 17:43:37", "elapsed": 19369.195086, "delta": 481.422071}}
{"target": -0.008001589399293211, "params": {"beta": 0.09736240987857282, "gamma": 0.4433190642458276, "p": 0.9875283586839642}, "datetime": {"datetime": "2020-09-17 17:51:38", "elapsed": 19849.687445, "delta": 480.492359}}
{"target": -0.008034656973029521, "params": {"beta": 0.1050823080126988, "gamma": 0.38558050036765423, "p": 0.9802626821405019}, "datetime": {"datetime": "2020-09-17 17:59:42", "elapsed": 20333.864658, "delta": 484.177213}}
{"target": -0.00733200210888198, "params": {"beta": 0.06863892742774293, "gamma": 0.46849615761347396, "p": 0.9887591968233364}, "datetime": {"datetime": "2020-09-17 18:07:42", "elapsed": 20813.416382, "delta": 479.551724}}
{"target": -0.008610578133569507, "params": {"beta": 0.1241268539309813, "gamma": 0.4041078294242362, "p": 0.9785939955820296}, "datetime": {"datetime": "2020-09-17 18:15:45", "elapsed": 21296.648491, "delta": 483.232109}}
{"target": -0.009453860088450826, "params": {"beta": 0.018049767700074777, "gamma": 0.4095531021472462, "p": 0.9896570215917141}, "datetime": {"datetime": "2020-09-17 18:23:42", "elapsed": 21774.306693, "delta": 477.658202}}
{"target": -0.008982873584859212, "params": {"beta": 0.14871988511370768, "gamma": 0.3495466366840081, "p": 0.9827325887190657}, "datetime": {"datetime": "2020-09-17 18:31:48", "elapsed": 22259.977856, "delta": 485.671163}}
{"target": -0.00709381158601034, "params": {"beta": 0.06458047288547979, "gamma": 0.4333224250785944, "p": 0.98567626783609}, "datetime": {"datetime": "2020-09-17 18:39:48", "elapsed": 22739.792034, "delta": 479.814178}}
{"target": -0.008994148942030942, "params": {"beta": 0.12920128247751098, "gamma": 0.4099255960600978, "p": 0.9391448086822264}, "datetime": {"datetime": "2020-09-17 18:47:49", "elapsed": 23220.746242, "delta": 480.954208}}
{"target": -0.008047993361713005, "params": {"beta": 0.10612681491260209, "gamma": 0.3615520714669607, "p": 0.9881332549726473}, "datetime": {"datetime": "2020-09-17 18:55:53", "elapsed": 23705.240034, "delta": 484.493792}}
{"target": -0.007200292417425586, "params": {"beta": 0.03869942538088985, "gamma": 0.5043780728490983, "p": 0.9817707336319675}, "datetime": {"datetime": "2020-09-17 19:03:53", "elapsed": 24184.440244, "delta": 479.20021}}
{"target": -0.008333936420421116, "params": {"beta": 0.11688123422792106, "gamma": 0.3510781322422704, "p": 0.9895199879269152}, "datetime": {"datetime": "2020-09-17 19:11:58", "elapsed": 24669.887759, "delta": 485.447515}}
{"target": -0.008701665967376425, "params": {"beta": 0.11708030523780284, "gamma": 0.41926395902360025, "p": 0.9721582061190458}, "datetime": {"datetime": "2020-09-17 19:19:58", "elapsed": 25149.906945, "delta": 480.019186}}
{"target": -0.008102772449632407, "params": {"beta": 0.10031061953679425, "gamma": 0.4285937274759224, "p": 0.9872582875442267}, "datetime": {"datetime": "2020-09-17 19:27:59", "elapsed": 25630.638837, "delta": 480.731892}}
{"target": -0.007409492140752895, "params": {"beta": 0.07934078193021893, "gamma": 0.40893006649061214, "p": 0.9770887234188936}, "datetime": {"datetime": "2020-09-17 19:36:02", "elapsed": 26114.32816, "delta": 483.689323}}
{"target": -0.00959632898465105, "params": {"beta": 0.1219361113136729, "gamma": 0.4703423093395211, "p": 0.981116475206463}, "datetime": {"datetime": "2020-09-17 19:44:00", "elapsed": 26591.639574, "delta": 477.311414}}
{"target": -0.006743713618902944, "params": {"beta": 0.05902362620023512, "gamma": 0.40677002529901324, "p": 0.9792307074952864}, "datetime": {"datetime": "2020-09-17 19:52:05", "elapsed": 27076.646151, "delta": 485.006577}}
