{"target": -0.3108564648701404, "params": {"beta": 0.7276219031074749, "gamma": 0.565845235141867, "p": 0.3051994122489931}, "datetime": {"datetime": "2021-01-29 14:21:33", "elapsed": 0.0, "delta": 0.0}}
{"target": -0.38946772776109495, "params": {"beta": 0.7749712669681181, "gamma": 0.497916792317126, "p": 0.12653198287708187}, "datetime": {"datetime": "2021-01-29 14:24:10", "elapsed": 157.544418, "delta": 157.544418}}
{"target": -0.20613246464068966, "params": {"beta": 0.39078833232721283, "gamma": 0.3967499347285554, "p": 0.3407750666686109}, "datetime": {"datetime": "2021-01-29 14:26:57", "elapsed": 324.389691, "delta": 166.845273}}
{"target": -0.08963746248978491, "params": {"beta": 0.09089974052861303, "gamma": 0.36789380024771157, "p": 0.41071357083294235}, "datetime": {"datetime": "2021-01-29 14:29:47", "elapsed": 494.098132, "delta": 169.708441}}
{"target": -0.09549739314565124, "params": {"beta": 0.924599368884012, "gamma": 0.29615242025164595, "p": 0.8318685506191031}, "datetime": {"datetime": "2021-01-29 14:32:50", "elapsed": 677.67182, "delta": 183.573688}}
{"target": -0.16421911015637614, "params": {"beta": 0.9794336418381338, "gamma": 0.4169687090988026, "p": 0.6931476367302184}, "datetime": {"datetime": "2021-01-29 14:35:43", "elapsed": 850.488283, "delta": 172.816463}}
{"target": -0.1747822635762287, "params": {"beta": 0.9507307952726916, "gamma": 0.4402068756491916, "p": 0.6827545179510486}, "datetime": {"datetime": "2021-01-29 14:38:37", "elapsed": 1023.950393, "delta": 173.46211}}
{"target": -0.28158878765804146, "params": {"beta": 0.30120881631956814, "gamma": 0.968363597886813, "p": 0.6894552234761901}, "datetime": {"datetime": "2021-01-29 14:41:17", "elapsed": 1184.187428, "delta": 160.237035}}
{"target": -0.015467130067600475, "params": {"beta": 0.01, "gamma": 0.01, "p": 0.9899999999999999}, "datetime": {"datetime": "2021-01-29 14:44:50", "elapsed": 1397.749364, "delta": 213.561936}}
{"target": -0.03956471048172008, "params": {"beta": 0.01, "gamma": 0.01, "p": 0.01}, "datetime": {"datetime": "2021-01-29 14:47:27", "elapsed": 1554.235741, "delta": 156.486377}}
{"target": -0.01584516391871164, "params": {"beta": 0.99, "gamma": 0.01, "p": 0.99}, "datetime": {"datetime": "2021-01-29 14:50:54", "elapsed": 1760.822614, "delta": 206.586873}}
{"target": -0.01268426733107912, "params": {"beta": 0.01, "gamma": 0.01, "p": 0.5218711742584758}, "datetime": {"datetime": "2021-01-29 14:54:23", "elapsed": 1969.881074, "delta": 209.05846}}
{"target": -999.0, "params": {"beta": 0.01, "gamma": 0.99, "p": 0.01}, "datetime": {"datetime": "2021-01-29 14:57:00", "elapsed": 2126.832832, "delta": 156.951758}}
{"target": -0.012891682733057524, "params": {"beta": 0.05915710328359025, "gamma": 0.10463249480109013, "p": 0.8935112184769791}, "datetime": {"datetime": "2021-01-29 15:00:36", "elapsed": 2343.518626, "delta": 216.685794}}
{"target": -0.0957332360897102, "params": {"beta": 0.13871567315090022, "gamma": 0.28915129187527117, "p": 0.42532152922459004}, "datetime": {"datetime": "2021-01-29 15:03:33", "elapsed": 2520.59001, "delta": 177.071384}}
{"target": -0.32199083714992516, "params": {"beta": 0.7387462769016678, "gamma": 0.503709548626229, "p": 0.22469927920477795}, "datetime": {"datetime": "2021-01-29 15:06:17", "elapsed": 2684.074602, "delta": 163.484592}}
{"target": -0.013761106100284326, "params": {"beta": 0.022189002889424353, "gamma": 0.02029352513258153, "p": 0.9326011398399205}, "datetime": {"datetime": "2021-01-29 15:09:54", "elapsed": 2901.068333, "delta": 216.993731}}
{"target": -0.15366103402093184, "params": {"beta": 0.689239892677043, "gamma": 0.4351252454623359, "p": 0.7978908071557621}, "datetime": {"datetime": "2021-01-29 15:12:53", "elapsed": 3080.49815, "delta": 179.429817}}
{"target": -0.14007061931476664, "params": {"beta": 0.8643900105244123, "gamma": 0.3840369636751609, "p": 0.7521476419053676}, "datetime": {"datetime": "2021-01-29 15:15:53", "elapsed": 3260.202499, "delta": 179.704349}}
{"target": -0.011502211941537367, "params": {"beta": 0.031528466296074475, "gamma": 0.06397729087290567, "p": 0.9583781578298658}, "datetime": {"datetime": "2021-01-29 15:19:29", "elapsed": 3476.311073, "delta": 216.108574}}
{"target": -0.012018114668669777, "params": {"beta": 0.022831584628469945, "gamma": 0.056792251780664764, "p": 0.960160315662962}, "datetime": {"datetime": "2021-01-29 15:23:05", "elapsed": 3692.128353, "delta": 215.81728}}
{"target": -0.1451029881438894, "params": {"beta": 0.18026160840031769, "gamma": 0.39064092821493307, "p": 0.37102729568933646}, "datetime": {"datetime": "2021-01-29 15:26:02", "elapsed": 3869.74456, "delta": 177.616207}}
{"target": -0.12336045656802218, "params": {"beta": 0.1681672011172938, "gamma": 0.35407186280099606, "p": 0.4127368018621282}, "datetime": {"datetime": "2021-01-29 15:28:55", "elapsed": 4042.002359, "delta": 172.257799}}
{"target": -0.09517782522463644, "params": {"beta": 0.10033852336974104, "gamma": 0.3422676766489069, "p": 0.37614992066791164}, "datetime": {"datetime": "2021-01-29 15:31:48", "elapsed": 4215.621324, "delta": 173.618965}}
{"target": -0.13511393788295792, "params": {"beta": 0.9515473979537357, "gamma": 0.36841127256144357, "p": 0.7525917263340345}, "datetime": {"datetime": "2021-01-29 15:34:50", "elapsed": 4396.944025, "delta": 181.322701}}
{"target": -0.017785769573406517, "params": {"beta": 0.03294806680567415, "gamma": 0.09943270683413152, "p": 0.5255195920940265}, "datetime": {"datetime": "2021-01-29 15:38:09", "elapsed": 4596.604584, "delta": 199.660559}}
{"target": -0.12034348072332197, "params": {"beta": 0.06553365949159647, "gamma": 0.845422861686129, "p": 0.3432674769944175}, "datetime": {"datetime": "2021-01-29 15:40:51", "elapsed": 4757.920131, "delta": 161.315547}}
{"target": -0.3399918147026432, "params": {"beta": 0.9486687997767277, "gamma": 0.6067295121779546, "p": 0.28234966218409313}, "datetime": {"datetime": "2021-01-29 15:43:32", "elapsed": 4919.393376, "delta": 161.473245}}
{"target": -0.12464867941149357, "params": {"beta": 0.07034737030918521, "gamma": 0.8341403400690597, "p": 0.3694022450647002}, "datetime": {"datetime": "2021-01-29 15:46:18", "elapsed": 5085.2711, "delta": 165.877724}}
{"target": -0.08479949805541268, "params": {"beta": 0.034332493292138055, "gamma": 0.7234108955006803, "p": 0.10037328608438295}, "datetime": {"datetime": "2021-01-29 15:48:54", "elapsed": 5241.251303, "delta": 155.980203}}
{"target": -0.10618613239442334, "params": {"beta": 0.12758364407828904, "gamma": 0.3434199522064295, "p": 0.4019651322030671}, "datetime": {"datetime": "2021-01-29 15:51:54", "elapsed": 5421.173889, "delta": 179.922586}}
{"target": -0.15512430201577465, "params": {"beta": 0.9366289369827366, "gamma": 0.4061185800853611, "p": 0.7168824692227892}, "datetime": {"datetime": "2021-01-29 15:55:00", "elapsed": 5607.229851, "delta": 186.055962}}
{"target": -0.1194070378312735, "params": {"beta": 0.9111783002631193, "gamma": 0.3433926146636697, "p": 0.786475577219436}, "datetime": {"datetime": "2021-01-29 15:58:09", "elapsed": 5796.060089, "delta": 188.830238}}
{"target": -0.011278868749856386, "params": {"beta": 0.04799792375395478, "gamma": 0.07324954961849586, "p": 0.9175397470123026}, "datetime": {"datetime": "2021-01-29 16:01:42", "elapsed": 6009.140702, "delta": 213.080613}}
{"target": -0.09756835427303127, "params": {"beta": 0.10846253867034263, "gamma": 0.5692248621006722, "p": 0.9124716806993884}, "datetime": {"datetime": "2021-01-29 16:04:30", "elapsed": 6177.497465, "delta": 168.356763}}
{"target": -0.0138575638844628, "params": {"beta": 0.028914759949847057, "gamma": 0.02326217021835307, "p": 0.9636253854365041}, "datetime": {"datetime": "2021-01-29 16:07:59", "elapsed": 6386.351245, "delta": 208.85378}}
{"target": -0.013451800191219635, "params": {"beta": 0.012820254876622965, "gamma": 0.04973134788674966, "p": 0.5037205140496811}, "datetime": {"datetime": "2021-01-29 16:11:21", "elapsed": 6588.218285, "delta": 201.86704}}
{"target": -0.12937278587885362, "params": {"beta": 0.15864685008116847, "gamma": 0.3746164807804695, "p": 0.3846649945668138}, "datetime": {"datetime": "2021-01-29 16:14:06", "elapsed": 6753.751279, "delta": 165.532994}}
{"target": -0.31509164413696866, "params": {"beta": 0.7385185006037409, "gamma": 0.5463968570625619, "p": 0.27145193281784696}, "datetime": {"datetime": "2021-01-29 16:16:46", "elapsed": 6912.919103, "delta": 159.167824}}
{"target": -0.17828096511518413, "params": {"beta": 0.19386708913547682, "gamma": 0.5348556677005082, "p": 0.40847720494995754}, "datetime": {"datetime": "2021-01-29 16:19:29", "elapsed": 7076.500537, "delta": 163.581434}}
{"target": -0.08761884822522754, "params": {"beta": 0.036427823195935835, "gamma": 0.708893491956276, "p": 0.11111381678570609}, "datetime": {"datetime": "2021-01-29 16:22:03", "elapsed": 7230.279858, "delta": 153.779321}}
{"target": -0.012739907463854283, "params": {"beta": 0.01125158638442015, "gamma": 0.032778220263519654, "p": 0.5268347014739687}, "datetime": {"datetime": "2021-01-29 16:25:27", "elapsed": 7434.384073, "delta": 204.104215}}
{"target": -0.13675186318412186, "params": {"beta": 0.9009604509854173, "gamma": 0.3745609950958766, "p": 0.7525552795541555}, "datetime": {"datetime": "2021-01-29 16:28:28", "elapsed": 7615.639329, "delta": 181.255256}}
{"target": -0.3583159098051062, "params": {"beta": 0.7638779785424641, "gamma": 0.5044473590673262, "p": 0.1655004538470079}, "datetime": {"datetime": "2021-01-29 16:31:09", "elapsed": 7776.521518, "delta": 160.882189}}
{"target": -0.449924798480829, "params": {"beta": 0.8957504395244171, "gamma": 0.9475721609278888, "p": 0.28783726786743585}, "datetime": {"datetime": "2021-01-29 16:33:48", "elapsed": 7935.733668, "delta": 159.21215}}
{"target": -0.1718079013597326, "params": {"beta": 0.1918567310820757, "gamma": 0.5107950296036363, "p": 0.40395352373362514}, "datetime": {"datetime": "2021-01-29 16:36:36", "elapsed": 8102.956036, "delta": 167.222368}}
{"target": -0.32442005700466203, "params": {"beta": 0.3137956694842535, "gamma": 0.8978989063404894, "p": 0.33062279121204424}, "datetime": {"datetime": "2021-01-29 16:39:14", "elapsed": 8261.30526, "delta": 158.349224}}
{"target": -0.1060590519925814, "params": {"beta": 0.927059399357175, "gamma": 0.31523048394965664, "p": 0.8121570505454253}, "datetime": {"datetime": "2021-01-29 16:42:24", "elapsed": 8451.706211, "delta": 190.400951}}
{"target": -0.1649520643387349, "params": {"beta": 0.9591136564062459, "gamma": 0.42348208673442556, "p": 0.7019193797284774}, "datetime": {"datetime": "2021-01-29 16:45:21", "elapsed": 8628.311672, "delta": 176.605461}}
{"target": -0.015669019077284924, "params": {"beta": 0.0324198186063883, "gamma": 0.07045316664220123, "p": 0.5184020380751456}, "datetime": {"datetime": "2021-01-29 16:48:46", "elapsed": 8833.288932, "delta": 204.97726}}
{"target": -0.3500384702213875, "params": {"beta": 0.5987305490008721, "gamma": 0.8922598392758302, "p": 0.5300718378642062}, "datetime": {"datetime": "2021-01-29 16:51:29", "elapsed": 8996.055773, "delta": 162.766841}}
{"target": -0.01470301208498041, "params": {"beta": 0.01, "gamma": 0.019119284523669816, "p": 0.9612440490205161}, "datetime": {"datetime": "2021-01-29 16:55:06", "elapsed": 9213.099219, "delta": 217.043446}}
{"target": -0.2373779288921873, "params": {"beta": 0.28010126052360496, "gamma": 0.5267595193204347, "p": 0.28180913668136726}, "datetime": {"datetime": "2021-01-29 16:57:55", "elapsed": 9382.05811, "delta": 168.958891}}
{"target": -0.22371178115215903, "params": {"beta": 0.2691262215816401, "gamma": 0.5138809524677002, "p": 0.3079838656925482}, "datetime": {"datetime": "2021-01-29 17:00:42", "elapsed": 9549.364192, "delta": 167.306082}}
{"target": -0.16320880497037346, "params": {"beta": 0.9558537102945763, "gamma": 0.41313540478778477, "p": 0.6826144993994903}, "datetime": {"datetime": "2021-01-29 17:03:44", "elapsed": 9731.348042, "delta": 181.98385}}
{"target": -0.5979224376858785, "params": {"beta": 0.9638765760414199, "gamma": 0.686965903933503, "p": 0.04192188153795335}, "datetime": {"datetime": "2021-01-29 17:06:24", "elapsed": 9891.179656, "delta": 159.831614}}
{"target": -0.18500331177032675, "params": {"beta": 0.20754811246221114, "gamma": 0.523393288614146, "p": 0.3861516425299228}, "datetime": {"datetime": "2021-01-29 17:09:17", "elapsed": 10064.034398, "delta": 172.854742}}
{"target": -0.09020829295494923, "params": {"beta": 0.10623981471777066, "gamma": 0.32673448009137124, "p": 0.41724797743175496}, "datetime": {"datetime": "2021-01-29 17:12:15", "elapsed": 10242.335207, "delta": 178.300809}}
