{"target": -0.11681942052930058, "params": {"beta": 0.7276219031074749, "gamma": 0.565845235141867, "p": 0.3051994122489931}, "datetime": {"datetime": "2020-11-03 22:18:47", "elapsed": 0.0, "delta": 0.0}}
{"target": -0.1612542139038155, "params": {"beta": 0.7749712669681181, "gamma": 0.497916792317126, "p": 0.12653198287708187}, "datetime": {"datetime": "2020-11-03 22:21:41", "elapsed": 174.044269, "delta": 174.044269}}
{"target": -0.0713264196129918, "params": {"beta": 0.39078833232721283, "gamma": 0.3967499347285554, "p": 0.3407750666686109}, "datetime": {"datetime": "2020-11-03 22:24:42", "elapsed": 354.7498, "delta": 180.705531}}
{"target": -0.018835356698252332, "params": {"beta": 0.09089974052861303, "gamma": 0.36789380024771157, "p": 0.41071357083294235}, "datetime": {"datetime": "2020-11-03 22:27:50", "elapsed": 543.025124, "delta": 188.275324}}
{"target": -0.018874407775738882, "params": {"beta": 0.924599368884012, "gamma": 0.29615242025164595, "p": 0.8318685506191031}, "datetime": {"datetime": "2020-11-03 22:31:16", "elapsed": 748.839588, "delta": 205.814464}}
{"target": -0.044928432429103625, "params": {"beta": 0.9794336418381338, "gamma": 0.4169687090988026, "p": 0.6931476367302184}, "datetime": {"datetime": "2020-11-03 22:34:27", "elapsed": 939.564243, "delta": 190.724655}}
{"target": -0.050105693298074884, "params": {"beta": 0.9507307952726916, "gamma": 0.4402068756491916, "p": 0.6827545179510486}, "datetime": {"datetime": "2020-11-03 22:37:35", "elapsed": 1127.774368, "delta": 188.210125}}
{"target": -0.11972426888252162, "params": {"beta": 0.30120881631956814, "gamma": 0.968363597886813, "p": 0.6894552234761901}, "datetime": {"datetime": "2020-11-03 22:40:26", "elapsed": 1298.604597, "delta": 170.830229}}
{"target": -0.036575772754821385, "params": {"beta": 0.01, "gamma": 0.01, "p": 0.99}, "datetime": {"datetime": "2020-11-03 22:44:15", "elapsed": 1527.82592, "delta": 229.221323}}
{"target": -0.008129079184503708, "params": {"beta": 0.01, "gamma": 0.01, "p": 0.010000000000000009}, "datetime": {"datetime": "2020-11-03 22:47:03", "elapsed": 1696.006919, "delta": 168.180999}}
{"target": -0.007947916877733798, "params": {"beta": 0.01, "gamma": 0.99, "p": 0.01}, "datetime": {"datetime": "2020-11-03 22:49:50", "elapsed": 1862.420151, "delta": 166.413232}}
{"target": -0.027038192284891138, "params": {"beta": 0.9895593421591354, "gamma": 0.017683580076201067, "p": 0.8887091123508917}, "datetime": {"datetime": "2020-11-03 22:53:44", "elapsed": 2096.544932, "delta": 234.124781}}
{"target": -0.12999624288247394, "params": {"beta": 0.99, "gamma": 0.99, "p": 0.99}, "datetime": {"datetime": "2020-11-03 22:56:37", "elapsed": 2269.515836, "delta": 172.970904}}
{"target": -0.007268677295245119, "params": {"beta": 0.01061849088528047, "gamma": 0.5706808982162288, "p": 0.019220135844066923}, "datetime": {"datetime": "2020-11-03 22:59:23", "elapsed": 2435.930258, "delta": 166.414422}}
{"target": -0.02090732457415608, "params": {"beta": 0.01, "gamma": 0.01, "p": 0.46812518190369035}, "datetime": {"datetime": "2020-11-03 23:03:10", "elapsed": 2662.711664, "delta": 226.781406}}
{"target": -0.019967332235560683, "params": {"beta": 0.99, "gamma": 0.3475803452581951, "p": 0.99}, "datetime": {"datetime": "2020-11-03 23:06:33", "elapsed": 2866.232445, "delta": 203.520781}}
{"target": -0.010458110474248829, "params": {"beta": 0.01, "gamma": 0.5384203203472995, "p": 0.99}, "datetime": {"datetime": "2020-11-03 23:09:43", "elapsed": 3055.743911, "delta": 189.511466}}
{"target": -0.007207429832538562, "params": {"beta": 0.4252046119745773, "gamma": 0.23845541814121363, "p": 0.9816269434145896}, "datetime": {"datetime": "2020-11-03 23:13:19", "elapsed": 3272.289684, "delta": 216.545773}}
{"target": -0.00869555550940678, "params": {"beta": 0.015177291945531118, "gamma": 0.3173154477519616, "p": 0.7625037436286075}, "datetime": {"datetime": "2020-11-03 23:16:40", "elapsed": 3473.277895, "delta": 200.988211}}
{"target": -0.0069843591565564335, "params": {"beta": 0.011615645351247752, "gamma": 0.723750037224743, "p": 0.32062244440675536}, "datetime": {"datetime": "2020-11-03 23:19:41", "elapsed": 3653.830689, "delta": 180.552794}}
{"target": -0.026386373165512723, "params": {"beta": 0.6398946000200606, "gamma": 0.03747202404480607, "p": 0.9860709222412384}, "datetime": {"datetime": "2020-11-03 23:23:37", "elapsed": 3889.904389, "delta": 236.0737}}
{"target": -0.006826679939975004, "params": {"beta": 0.013289404067440377, "gamma": 0.23235556195232246, "p": 0.19069606560511798}, "datetime": {"datetime": "2020-11-03 23:26:40", "elapsed": 4072.920454, "delta": 183.016065}}
{"target": -0.017181442720938044, "params": {"beta": 0.6462585401322333, "gamma": 0.33135733942223866, "p": 0.9839612315005065}, "datetime": {"datetime": "2020-11-03 23:30:05", "elapsed": 4277.894853, "delta": 204.974399}}
{"target": -0.002801091807344566, "params": {"beta": 0.03965341975452608, "gamma": 0.3493138739403833, "p": 0.9837785419752644}, "datetime": {"datetime": "2020-11-03 23:33:31", "elapsed": 4483.613817, "delta": 205.718964}}
{"target": -0.0058682320195593525, "params": {"beta": 0.01389390888086034, "gamma": 0.5140630791280357, "p": 0.2750175537888681}, "datetime": {"datetime": "2020-11-03 23:36:31", "elapsed": 4663.963567, "delta": 180.34975}}
{"target": -0.013195145776988241, "params": {"beta": 0.19318375278989125, "gamma": 0.3628062638189082, "p": 0.9706470532094263}, "datetime": {"datetime": "2020-11-03 23:39:53", "elapsed": 4865.434631, "delta": 201.471064}}
{"target": -0.005948967146800335, "params": {"beta": 0.012914888758882498, "gamma": 0.841621674608773, "p": 0.13726416589518814}, "datetime": {"datetime": "2020-11-03 23:42:48", "elapsed": 5040.564127, "delta": 175.129496}}
{"target": -0.007907570309742942, "params": {"beta": 0.01, "gamma": 0.25745259308425666, "p": 0.010000000239257404}, "datetime": {"datetime": "2020-11-03 23:45:41", "elapsed": 5214.309327, "delta": 173.7452}}
{"target": -0.009403663066648584, "params": {"beta": 0.011210220162257045, "gamma": 0.35048558434745736, "p": 0.46698241603648827}, "datetime": {"datetime": "2020-11-03 23:48:51", "elapsed": 5404.23543, "delta": 189.926103}}
{"target": -0.0065676196962113405, "params": {"beta": 0.024457917529560724, "gamma": 0.2941967219123184, "p": 0.9897240868847799}, "datetime": {"datetime": "2020-11-03 23:52:21", "elapsed": 5614.037283, "delta": 209.801853}}
{"target": -0.0060198109026652, "params": {"beta": 0.47550168098156725, "gamma": 0.15309461601183638, "p": 0.8437604294635234}, "datetime": {"datetime": "2020-11-03 23:56:05", "elapsed": 5837.901399, "delta": 223.864116}}
{"target": -0.007386740420559431, "params": {"beta": 0.01087930635715069, "gamma": 0.9677263452675499, "p": 0.23225240135460307}, "datetime": {"datetime": "2020-11-03 23:58:55", "elapsed": 6008.15443, "delta": 170.253031}}
{"target": -0.006086503576992424, "params": {"beta": 0.017411709742998514, "gamma": 0.4382739494243507, "p": 0.8494455021729296}, "datetime": {"datetime": "2020-11-04 00:02:10", "elapsed": 6202.979782, "delta": 194.825352}}
{"target": -0.005140984670548996, "params": {"beta": 0.33482296722922594, "gamma": 0.16364443914379492, "p": 0.8775213905618716}, "datetime": {"datetime": "2020-11-04 00:05:53", "elapsed": 6426.38662, "delta": 223.406838}}
{"target": -0.00875012254140927, "params": {"beta": 0.43356910565799145, "gamma": 0.22794798252785078, "p": 0.8448377829914551}, "datetime": {"datetime": "2020-11-04 00:09:26", "elapsed": 6639.102927, "delta": 212.716307}}
{"target": -0.014495940194107469, "params": {"beta": 0.44045280195302644, "gamma": 0.015269364157655943, "p": 0.6890518368348407}, "datetime": {"datetime": "2020-11-04 00:13:24", "elapsed": 6876.71424, "delta": 237.611313}}
{"target": -0.00828275001947218, "params": {"beta": 0.010184413278721159, "gamma": 0.39616147581625993, "p": 0.12737265614742418}, "datetime": {"datetime": "2020-11-04 00:16:18", "elapsed": 7050.969635, "delta": 174.255395}}
{"target": -0.00963985380335547, "params": {"beta": 0.014669753598034501, "gamma": 0.350197902523014, "p": 0.9819311121847935}, "datetime": {"datetime": "2020-11-04 00:19:47", "elapsed": 7259.644856, "delta": 208.675221}}
{"target": -0.009002048172510626, "params": {"beta": 0.01, "gamma": 0.6471431447836609, "p": 0.5543847271197627}, "datetime": {"datetime": "2020-11-04 00:22:45", "elapsed": 7437.85518, "delta": 178.210324}}
{"target": -0.00793201673624477, "params": {"beta": 0.01, "gamma": 0.8438837237673427, "p": 0.010000042799181284}, "datetime": {"datetime": "2020-11-04 00:25:33", "elapsed": 7605.435483, "delta": 167.580303}}
{"target": -0.00459591406655099, "params": {"beta": 0.2422465275504135, "gamma": 0.17590588618805003, "p": 0.9489121772460346}, "datetime": {"datetime": "2020-11-04 00:29:16", "elapsed": 7829.349423, "delta": 223.91394}}
{"target": -0.0076992673029678835, "params": {"beta": 0.012637776569480445, "gamma": 0.06591418104113697, "p": 0.13283126827728278}, "datetime": {"datetime": "2020-11-04 00:32:27", "elapsed": 8020.378287, "delta": 191.028864}}
{"target": -0.004478506356258438, "params": {"beta": 0.2372550615081812, "gamma": 0.18934800051897321, "p": 0.9894487617194114}, "datetime": {"datetime": "2020-11-04 00:36:13", "elapsed": 8245.639049, "delta": 225.260762}}
{"target": -0.008785198363028001, "params": {"beta": 0.010272298311297124, "gamma": 0.5359770897426972, "p": 0.4070462459355504}, "datetime": {"datetime": "2020-11-04 00:39:13", "elapsed": 8425.489025, "delta": 179.849976}}
{"target": -0.0050424146222415745, "params": {"beta": 0.2329284383310403, "gamma": 0.13647725896941054, "p": 0.8421067031780111}, "datetime": {"datetime": "2020-11-04 00:42:59", "elapsed": 8652.227307, "delta": 226.738282}}
{"target": -0.007597616599083318, "params": {"beta": 0.010525167446635975, "gamma": 0.7251372758543441, "p": 0.09900161775345073}, "datetime": {"datetime": "2020-11-04 00:45:50", "elapsed": 8822.734378, "delta": 170.507071}}
{"target": -0.007648364504716698, "params": {"beta": 0.3565092689588542, "gamma": 0.11742010000988945, "p": 0.8990841147259684}, "datetime": {"datetime": "2020-11-04 00:49:39", "elapsed": 9051.821091, "delta": 229.086713}}
{"target": -0.0033087465177090306, "params": {"beta": 0.14014362020726673, "gamma": 0.21992379696949202, "p": 0.9213137313072071}, "datetime": {"datetime": "2020-11-04 00:53:17", "elapsed": 9269.629543, "delta": 217.808452}}
{"target": -0.008551025445510566, "params": {"beta": 0.01, "gamma": 0.99, "p": 0.9899999953740576}, "datetime": {"datetime": "2020-11-04 00:56:12", "elapsed": 9445.038686, "delta": 175.409143}}
{"target": -0.004296427596525432, "params": {"beta": 0.017125044611979154, "gamma": 0.9828278223956036, "p": 0.7005822958429903}, "datetime": {"datetime": "2020-11-04 00:59:06", "elapsed": 9619.145639, "delta": 174.106953}}
{"target": -0.006225183439278839, "params": {"beta": 0.012723312841715613, "gamma": 0.9845837028847939, "p": 0.5172974253868994}, "datetime": {"datetime": "2020-11-04 01:01:59", "elapsed": 9792.122356, "delta": 172.976717}}
{"target": -0.008161310896749095, "params": {"beta": 0.010330863048836444, "gamma": 0.9366341026583569, "p": 0.8385426907481093}, "datetime": {"datetime": "2020-11-04 01:04:56", "elapsed": 9969.011178, "delta": 176.888822}}
{"target": -0.006989002734979398, "params": {"beta": 0.01186221286784765, "gamma": 0.8956437246611346, "p": 0.6509566801179157}, "datetime": {"datetime": "2020-11-04 01:07:50", "elapsed": 10142.796725, "delta": 173.785547}}
{"target": -0.007392806123236004, "params": {"beta": 0.7587597566991549, "gamma": 0.11431509195452583, "p": 0.7039216783951868}, "datetime": {"datetime": "2020-11-04 01:11:35", "elapsed": 10367.663651, "delta": 224.866926}}
{"target": -0.012921127772257015, "params": {"beta": 0.9686358959876957, "gamma": 0.01701904451447666, "p": 0.6349547920989141}, "datetime": {"datetime": "2020-11-04 01:15:28", "elapsed": 10600.672916, "delta": 233.009265}}
{"target": -0.0040988439340670195, "params": {"beta": 0.17934794828928016, "gamma": 0.212699123577469, "p": 0.893903626083333}, "datetime": {"datetime": "2020-11-04 01:19:06", "elapsed": 10818.506492, "delta": 217.833576}}
{"target": -0.008031635414511273, "params": {"beta": 0.010332954994628099, "gamma": 0.9832974212247981, "p": 0.5933269514678902}, "datetime": {"datetime": "2020-11-04 01:22:00", "elapsed": 10993.359768, "delta": 174.853276}}
{"target": -0.00833636666745481, "params": {"beta": 0.7553727406660459, "gamma": 0.022436618366398854, "p": 0.5325987250356784}, "datetime": {"datetime": "2020-11-04 01:25:49", "elapsed": 11221.511949, "delta": 228.152181}}
