{"target": -0.19746888652903327, "params": {"beta": 0.7276219031074749, "gamma": 0.565845235141867, "p": 0.3051994122489931}, "datetime": {"datetime": "2020-11-03 19:06:39", "elapsed": 0.0, "delta": 0.0}}
{"target": -0.2511749655999676, "params": {"beta": 0.7749712669681181, "gamma": 0.497916792317126, "p": 0.12653198287708187}, "datetime": {"datetime": "2020-11-03 19:08:03", "elapsed": 83.776249, "delta": 83.776249}}
{"target": -0.11361646220638104, "params": {"beta": 0.39078833232721283, "gamma": 0.3967499347285554, "p": 0.3407750666686109}, "datetime": {"datetime": "2020-11-03 19:09:29", "elapsed": 169.749156, "delta": 85.972907}}
{"target": -0.03911214581657681, "params": {"beta": 0.09089974052861303, "gamma": 0.36789380024771157, "p": 0.41071357083294235}, "datetime": {"datetime": "2020-11-03 19:10:56", "elapsed": 256.989742, "delta": 87.240586}}
{"target": -0.05938732803975316, "params": {"beta": 0.924599368884012, "gamma": 0.29615242025164595, "p": 0.8318685506191031}, "datetime": {"datetime": "2020-11-03 19:12:29", "elapsed": 350.134027, "delta": 93.144285}}
{"target": -0.10685797538207789, "params": {"beta": 0.9794336418381338, "gamma": 0.4169687090988026, "p": 0.6931476367302184}, "datetime": {"datetime": "2020-11-03 19:13:59", "elapsed": 439.828472, "delta": 89.694445}}
{"target": -0.11286306952275607, "params": {"beta": 0.9507307952726916, "gamma": 0.4402068756491916, "p": 0.6827545179510486}, "datetime": {"datetime": "2020-11-03 19:15:27", "elapsed": 528.153893, "delta": 88.325421}}
{"target": -0.15509575867120512, "params": {"beta": 0.30120881631956814, "gamma": 0.968363597886813, "p": 0.6894552234761901}, "datetime": {"datetime": "2020-11-03 19:16:50", "elapsed": 611.026017, "delta": 82.872124}}
{"target": -0.08412174276691267, "params": {"beta": 0.01, "gamma": 0.01000000000000012, "p": 0.99}, "datetime": {"datetime": "2020-11-03 19:17:56", "elapsed": 677.335591, "delta": 66.309574}}
{"target": -0.023647236207979296, "params": {"beta": 0.01, "gamma": 0.01, "p": 0.010000000000000009}, "datetime": {"datetime": "2020-11-03 19:19:17", "elapsed": 758.134029, "delta": 80.798438}}
{"target": -0.024428696953622393, "params": {"beta": 0.01, "gamma": 0.99, "p": 0.01}, "datetime": {"datetime": "2020-11-03 19:20:37", "elapsed": 837.909051, "delta": 79.775022}}
{"target": -0.02417163926323573, "params": {"beta": 0.01, "gamma": 0.49271505591972714, "p": 0.01}, "datetime": {"datetime": "2020-11-03 19:21:57", "elapsed": 918.089236, "delta": 80.180185}}
{"target": -0.08175314596634699, "params": {"beta": 0.99, "gamma": 0.01, "p": 0.99}, "datetime": {"datetime": "2020-11-03 19:23:03", "elapsed": 983.944009, "delta": 65.854773}}
{"target": -0.228049370111675, "params": {"beta": 0.9872146200824884, "gamma": 0.9802663940984213, "p": 0.9810203459800819}, "datetime": {"datetime": "2020-11-03 19:24:26", "elapsed": 1067.528532, "delta": 83.584523}}
{"target": -0.02429424254750927, "params": {"beta": 0.01, "gamma": 0.5931525055309412, "p": 0.99}, "datetime": {"datetime": "2020-11-03 19:25:54", "elapsed": 1155.142794, "delta": 87.614262}}
{"target": -0.02409050277469443, "params": {"beta": 0.01, "gamma": 0.99, "p": 0.99}, "datetime": {"datetime": "2020-11-03 19:27:17", "elapsed": 1238.543976, "delta": 83.401182}}
{"target": -0.023755912754324655, "params": {"beta": 0.01, "gamma": 0.8877011309364197, "p": 0.3859441364639058}, "datetime": {"datetime": "2020-11-03 19:28:40", "elapsed": 1321.462624, "delta": 82.918648}}
{"target": -0.032420933753689, "params": {"beta": 0.02177764405731912, "gamma": 0.016524771556325018, "p": 0.4254970841560767}, "datetime": {"datetime": "2020-11-03 19:30:15", "elapsed": 1416.537544, "delta": 95.07492}}
{"target": -0.024422950788136732, "params": {"beta": 0.01, "gamma": 0.5344618447024801, "p": 0.6409999975199331}, "datetime": {"datetime": "2020-11-03 19:31:42", "elapsed": 1502.801997, "delta": 86.264453}}
{"target": -0.023597316578610427, "params": {"beta": 0.01, "gamma": 0.7384637866568944, "p": 0.15846223353592512}, "datetime": {"datetime": "2020-11-03 19:33:04", "elapsed": 1585.189487, "delta": 82.38749}}
{"target": -0.021744543807659954, "params": {"beta": 0.011195770953515085, "gamma": 0.1800072565028874, "p": 0.12903763076154012}, "datetime": {"datetime": "2020-11-03 19:34:30", "elapsed": 1670.710755, "delta": 85.521268}}
{"target": -0.06796473013084502, "params": {"beta": 0.99, "gamma": 0.3654220516057142, "p": 0.99}, "datetime": {"datetime": "2020-11-03 19:36:02", "elapsed": 1763.257184, "delta": 92.546429}}
{"target": -0.034535532649301766, "params": {"beta": 0.549755868318887, "gamma": 0.19928371554754698, "p": 0.9840095904890537}, "datetime": {"datetime": "2020-11-03 19:37:37", "elapsed": 1858.514971, "delta": 95.257787}}
{"target": -0.02306719665488916, "params": {"beta": 0.01861626331531349, "gamma": 0.24487013977514155, "p": 0.690975517483233}, "datetime": {"datetime": "2020-11-03 19:39:10", "elapsed": 1951.108352, "delta": 92.593381}}
{"target": -0.023523578073222366, "params": {"beta": 0.010268472180491624, "gamma": 0.42624852626960574, "p": 0.31559688874253683}, "datetime": {"datetime": "2020-11-03 19:40:35", "elapsed": 2036.389753, "delta": 85.281401}}
{"target": -0.05066160925451765, "params": {"beta": 0.5244205115862673, "gamma": 0.02944081641839491, "p": 0.7729428637005393}, "datetime": {"datetime": "2020-11-03 19:42:03", "elapsed": 2124.05054, "delta": 87.660787}}
{"target": -0.023700610080629188, "params": {"beta": 0.011870575399756096, "gamma": 0.2565565883852202, "p": 0.4432784289790682}, "datetime": {"datetime": "2020-11-03 19:43:35", "elapsed": 2215.746263, "delta": 91.695723}}
{"target": -0.023702891246593947, "params": {"beta": 0.01, "gamma": 0.18301306004157122, "p": 0.01}, "datetime": {"datetime": "2020-11-03 19:44:56", "elapsed": 2296.87393, "delta": 81.127667}}
{"target": -0.02379481081126144, "params": {"beta": 0.01, "gamma": 0.9834928745919964, "p": 0.1966117434374175}, "datetime": {"datetime": "2020-11-03 19:46:17", "elapsed": 2377.97809, "delta": 81.10416}}
{"target": -0.022316386116622643, "params": {"beta": 0.010959359336308941, "gamma": 0.8628172578333246, "p": 0.9076141566650282}, "datetime": {"datetime": "2020-11-03 19:47:41", "elapsed": 2462.488738, "delta": 84.510648}}
{"target": -0.01831645663342398, "params": {"beta": 0.01575292478585824, "gamma": 0.9780329988274253, "p": 0.7516310997943662}, "datetime": {"datetime": "2020-11-03 19:49:06", "elapsed": 2546.853942, "delta": 84.365204}}
{"target": -0.023748516857458542, "params": {"beta": 0.011764080140896055, "gamma": 0.47015105632865944, "p": 0.8710866809818945}, "datetime": {"datetime": "2020-11-03 19:50:35", "elapsed": 2636.206076, "delta": 89.352134}}
{"target": -0.021097764502101303, "params": {"beta": 0.011572896326186148, "gamma": 0.9846021177688635, "p": 0.7517771261201862}, "datetime": {"datetime": "2020-11-03 19:51:58", "elapsed": 2719.402182, "delta": 83.196106}}
{"target": -0.019547063210364504, "params": {"beta": 0.012829481079937335, "gamma": 0.9681346029217043, "p": 0.6211109324264221}, "datetime": {"datetime": "2020-11-03 19:53:21", "elapsed": 2802.483471, "delta": 83.081289}}
{"target": -0.023967681749090808, "params": {"beta": 0.01, "gamma": 0.8159721997876466, "p": 0.010000112211363798}, "datetime": {"datetime": "2020-11-03 19:54:42", "elapsed": 2882.870043, "delta": 80.386572}}
{"target": -0.022978699045862857, "params": {"beta": 0.010322934088938586, "gamma": 0.9375524164800447, "p": 0.7261755427358298}, "datetime": {"datetime": "2020-11-03 19:56:06", "elapsed": 2966.616989, "delta": 83.746946}}
{"target": -0.03718809046784214, "params": {"beta": 0.24997671712813743, "gamma": 0.2822641771532745, "p": 0.874114073655026}, "datetime": {"datetime": "2020-11-03 19:57:39", "elapsed": 3059.693349, "delta": 93.07636}}
{"target": -0.02256004156278644, "params": {"beta": 0.013052401832161803, "gamma": 0.34156052611811655, "p": 0.594321119367961}, "datetime": {"datetime": "2020-11-03 19:59:08", "elapsed": 3149.387186, "delta": 89.693837}}
{"target": -0.023431457037306088, "params": {"beta": 0.010078067874444046, "gamma": 0.9511346008993026, "p": 0.6035621654112835}, "datetime": {"datetime": "2020-11-03 20:00:31", "elapsed": 3232.242245, "delta": 82.855059}}
{"target": -0.02273927429426979, "params": {"beta": 0.011176812423265212, "gamma": 0.09837108644542393, "p": 0.10930625582348612}, "datetime": {"datetime": "2020-11-03 20:01:57", "elapsed": 3318.510699, "delta": 86.268454}}
{"target": -0.01959668296186904, "params": {"beta": 0.013176977753397393, "gamma": 0.9829682427022441, "p": 0.8693004940538687}, "datetime": {"datetime": "2020-11-03 20:03:21", "elapsed": 3401.610071, "delta": 83.099372}}
{"target": -0.023208895871027535, "params": {"beta": 0.010323760913050742, "gamma": 0.9743168295041684, "p": 0.7207033784692066}, "datetime": {"datetime": "2020-11-03 20:04:45", "elapsed": 3485.744147, "delta": 84.134076}}
{"target": -0.023807836313625222, "params": {"beta": 0.010048585384104363, "gamma": 0.4868019026726707, "p": 0.15739050529146018}, "datetime": {"datetime": "2020-11-03 20:06:08", "elapsed": 3569.127155, "delta": 83.383008}}
{"target": -0.023379803479074694, "params": {"beta": 0.010536459971007417, "gamma": 0.5753980145012103, "p": 0.8653339225733722}, "datetime": {"datetime": "2020-11-03 20:07:36", "elapsed": 3657.266809, "delta": 88.139654}}
{"target": -0.02493322085264695, "params": {"beta": 0.011321186538809161, "gamma": 0.3453859752837026, "p": 0.7352080548494794}, "datetime": {"datetime": "2020-11-03 20:09:08", "elapsed": 3748.774437, "delta": 91.507628}}
{"target": -0.019060533857450757, "params": {"beta": 0.013383641078232235, "gamma": 0.9821685807827853, "p": 0.40470472418450026}, "datetime": {"datetime": "2020-11-03 20:10:30", "elapsed": 3830.845102, "delta": 82.070665}}
{"target": -0.021727282012563534, "params": {"beta": 0.011764687458020917, "gamma": 0.986659349431439, "p": 0.39287566165116705}, "datetime": {"datetime": "2020-11-03 20:11:52", "elapsed": 3913.043655, "delta": 82.198553}}
{"target": -0.023454523954837346, "params": {"beta": 0.01, "gamma": 0.9899999999120576, "p": 0.5815075577414707}, "datetime": {"datetime": "2020-11-03 20:13:15", "elapsed": 3995.889219, "delta": 82.845564}}
{"target": -0.025625542313166095, "params": {"beta": 0.010317295391628001, "gamma": 0.09957797356965013, "p": 0.21274398167501538}, "datetime": {"datetime": "2020-11-03 20:14:44", "elapsed": 4084.996262, "delta": 89.107043}}
{"target": -0.02236016913884238, "params": {"beta": 0.01062595154823947, "gamma": 0.6361771638211442, "p": 0.3575451258821196}, "datetime": {"datetime": "2020-11-03 20:16:08", "elapsed": 4169.21912, "delta": 84.222858}}
{"target": -0.020463820763472553, "params": {"beta": 0.012777104509573705, "gamma": 0.9501313975222915, "p": 0.8677699591660442}, "datetime": {"datetime": "2020-11-03 20:17:32", "elapsed": 4253.557087, "delta": 84.337967}}
{"target": -0.023059946074391834, "params": {"beta": 0.010330863048836444, "gamma": 0.9366341026583569, "p": 0.8385426907481093}, "datetime": {"datetime": "2020-11-03 20:18:56", "elapsed": 4336.695028, "delta": 83.137941}}
{"target": -0.02144650523746226, "params": {"beta": 0.01154840717651825, "gamma": 0.3079304626398224, "p": 0.11190968525279227}, "datetime": {"datetime": "2020-11-03 20:20:20", "elapsed": 4420.620785, "delta": 83.925757}}
{"target": -0.023209723107414464, "params": {"beta": 0.010765971092046316, "gamma": 0.4404906477093115, "p": 0.5016734295186265}, "datetime": {"datetime": "2020-11-03 20:21:47", "elapsed": 4508.159143, "delta": 87.538358}}
{"target": -0.022311208351402816, "params": {"beta": 0.015644398537706636, "gamma": 0.2648928215356815, "p": 0.5784659737980692}, "datetime": {"datetime": "2020-11-03 20:23:19", "elapsed": 4600.06376, "delta": 91.904617}}
{"target": -0.02183511897630472, "params": {"beta": 0.011741158087351228, "gamma": 0.3161584023846985, "p": 0.2392794300919788}, "datetime": {"datetime": "2020-11-03 20:24:45", "elapsed": 4686.220397, "delta": 86.156637}}
{"target": -0.022609528180421792, "params": {"beta": 0.010332954994628099, "gamma": 0.9832974212247981, "p": 0.5933269514678902}, "datetime": {"datetime": "2020-11-03 20:26:08", "elapsed": 4769.037398, "delta": 82.817001}}
{"target": -0.021527050348617637, "params": {"beta": 0.011183924645256424, "gamma": 0.9428456753466746, "p": 0.8348232504901694}, "datetime": {"datetime": "2020-11-03 20:27:32", "elapsed": 4852.664656, "delta": 83.627258}}
