{"target": -0.16381102033086023, "params": {"beta": 0.7276219031074749, "gamma": 0.565845235141867, "p": 0.3051994122489931}, "datetime": {"datetime": "2020-11-03 20:30:04", "elapsed": 0.0, "delta": 0.0}}
{"target": -0.2173149252035577, "params": {"beta": 0.7749712669681181, "gamma": 0.497916792317126, "p": 0.12653198287708187}, "datetime": {"datetime": "2020-11-03 20:31:44", "elapsed": 100.418034, "delta": 100.418034}}
{"target": -0.08522187043742133, "params": {"beta": 0.39078833232721283, "gamma": 0.3967499347285554, "p": 0.3407750666686109}, "datetime": {"datetime": "2020-11-03 20:33:31", "elapsed": 206.713146, "delta": 106.295112}}
{"target": -0.01879003414866037, "params": {"beta": 0.09089974052861303, "gamma": 0.36789380024771157, "p": 0.41071357083294235}, "datetime": {"datetime": "2020-11-03 20:35:19", "elapsed": 314.853778, "delta": 108.140632}}
{"target": -0.04079753750964686, "params": {"beta": 0.924599368884012, "gamma": 0.29615242025164595, "p": 0.8318685506191031}, "datetime": {"datetime": "2020-11-03 20:37:15", "elapsed": 431.42522, "delta": 116.571442}}
{"target": -0.07950988814476853, "params": {"beta": 0.9794336418381338, "gamma": 0.4169687090988026, "p": 0.6931476367302184}, "datetime": {"datetime": "2020-11-03 20:39:05", "elapsed": 541.461005, "delta": 110.035785}}
{"target": -0.08517423355978555, "params": {"beta": 0.9507307952726916, "gamma": 0.4402068756491916, "p": 0.6827545179510486}, "datetime": {"datetime": "2020-11-03 20:40:56", "elapsed": 651.800975, "delta": 110.33997}}
{"target": -0.11776094598317667, "params": {"beta": 0.30120881631956814, "gamma": 0.968363597886813, "p": 0.6894552234761901}, "datetime": {"datetime": "2020-11-03 20:42:38", "elapsed": 753.885568, "delta": 102.084593}}
{"target": -0.0810375530156639, "params": {"beta": 0.01, "gamma": 0.01, "p": 0.99}, "datetime": {"datetime": "2020-11-03 20:44:25", "elapsed": 860.60365, "delta": 106.718082}}
{"target": -0.012770313530916705, "params": {"beta": 0.01, "gamma": 0.01, "p": 0.010000000000000009}, "datetime": {"datetime": "2020-11-03 20:46:05", "elapsed": 960.757137, "delta": 100.153487}}
{"target": -0.012179893465876713, "params": {"beta": 0.01, "gamma": 0.99, "p": 0.01}, "datetime": {"datetime": "2020-11-03 20:47:42", "elapsed": 1058.174095, "delta": 97.416958}}
{"target": -0.01242407126230599, "params": {"beta": 0.01, "gamma": 0.44928612397871787, "p": 0.01}, "datetime": {"datetime": "2020-11-03 20:49:21", "elapsed": 1157.411585, "delta": 99.23749}}
{"target": -0.07795320908110934, "params": {"beta": 0.99, "gamma": 0.01, "p": 0.99}, "datetime": {"datetime": "2020-11-03 20:51:08", "elapsed": 1264.235838, "delta": 106.824253}}
{"target": -0.19263673760953445, "params": {"beta": 0.9872146200824884, "gamma": 0.9802663940984213, "p": 0.9810203459800819}, "datetime": {"datetime": "2020-11-03 20:52:50", "elapsed": 1365.649288, "delta": 101.41345}}
{"target": -0.016585073832057637, "params": {"beta": 0.01, "gamma": 0.6524995113125388, "p": 0.99}, "datetime": {"datetime": "2020-11-03 20:54:37", "elapsed": 1473.391057, "delta": 107.741769}}
{"target": -0.013652476221514068, "params": {"beta": 0.01, "gamma": 0.738735389215648, "p": 0.3916566515625781}, "datetime": {"datetime": "2020-11-03 20:56:21", "elapsed": 1577.140976, "delta": 103.749919}}
{"target": -0.034258382180701125, "params": {"beta": 0.01, "gamma": 0.01, "p": 0.3680007595282406}, "datetime": {"datetime": "2020-11-03 20:58:24", "elapsed": 1699.994421, "delta": 122.853445}}
{"target": -0.01968910603362155, "params": {"beta": 0.01, "gamma": 0.41281387107562173, "p": 0.7415508057701323}, "datetime": {"datetime": "2020-11-03 21:00:16", "elapsed": 1811.905299, "delta": 111.910878}}
{"target": -0.01424422747495594, "params": {"beta": 0.01, "gamma": 0.99, "p": 0.99}, "datetime": {"datetime": "2020-11-03 21:01:58", "elapsed": 1913.594663, "delta": 101.689364}}
{"target": -0.029284703822942654, "params": {"beta": 0.49205952160805616, "gamma": 0.30824417502895635, "p": 0.99}, "datetime": {"datetime": "2020-11-03 21:03:57", "elapsed": 2032.660074, "delta": 119.065411}}
{"target": -0.053879841681697856, "params": {"beta": 0.99, "gamma": 0.3972182506781601, "p": 0.99}, "datetime": {"datetime": "2020-11-03 21:05:52", "elapsed": 2148.157158, "delta": 115.497084}}
{"target": -0.01616761145642246, "params": {"beta": 0.01, "gamma": 0.25917848880809297, "p": 0.21154626763924697}, "datetime": {"datetime": "2020-11-03 21:07:39", "elapsed": 2255.215065, "delta": 107.057907}}
{"target": -0.006838034356220844, "params": {"beta": 0.016698654013282424, "gamma": 0.7718194623725136, "p": 0.08384972583077752}, "datetime": {"datetime": "2020-11-03 21:09:18", "elapsed": 2353.625906, "delta": 98.410841}}
{"target": -0.010026309021559841, "params": {"beta": 0.013599889555795384, "gamma": 0.5588772165068155, "p": 0.24843307172828724}, "datetime": {"datetime": "2020-11-03 21:11:02", "elapsed": 2458.023782, "delta": 104.397876}}
{"target": -0.012225046146591024, "params": {"beta": 0.01, "gamma": 0.7679011595697667, "p": 0.01}, "datetime": {"datetime": "2020-11-03 21:12:40", "elapsed": 2556.422065, "delta": 98.398283}}
{"target": -0.008443915356789029, "params": {"beta": 0.014277857729660053, "gamma": 0.9882695338892409, "p": 0.2635812073834433}, "datetime": {"datetime": "2020-11-03 21:14:21", "elapsed": 2656.600006, "delta": 100.177941}}
{"target": -0.04586397465397504, "params": {"beta": 0.45046776420391893, "gamma": 0.019311268334455307, "p": 0.741430468324176}, "datetime": {"datetime": "2020-11-03 21:16:22", "elapsed": 2777.954048, "delta": 121.354042}}
{"target": -0.012310166424618293, "params": {"beta": 0.010834629449634342, "gamma": 0.8040567141947811, "p": 0.240312037914893}, "datetime": {"datetime": "2020-11-03 21:18:02", "elapsed": 2877.859717, "delta": 99.905669}}
{"target": -0.010757515956912515, "params": {"beta": 0.012291688930440116, "gamma": 0.9705478288671919, "p": 0.598905026070999}, "datetime": {"datetime": "2020-11-03 21:19:43", "elapsed": 2979.099834, "delta": 101.240117}}
{"target": -0.012029657292838456, "params": {"beta": 0.012115860192579427, "gamma": 0.815722403245579, "p": 0.7846152697147905}, "datetime": {"datetime": "2020-11-03 21:21:26", "elapsed": 3082.239019, "delta": 103.139185}}
{"target": -0.012941037080513421, "params": {"beta": 0.013883979917884084, "gamma": 0.42830829334147086, "p": 0.4948070579401455}, "datetime": {"datetime": "2020-11-03 21:23:15", "elapsed": 3190.985294, "delta": 108.746275}}
{"target": -0.011996211634873072, "params": {"beta": 0.010527898552770466, "gamma": 0.6097223895528453, "p": 0.08240759529363545}, "datetime": {"datetime": "2020-11-03 21:24:55", "elapsed": 3290.607285, "delta": 99.621991}}
{"target": -0.10586918541165603, "params": {"beta": 0.15296672141418685, "gamma": 0.9802803026720477, "p": 0.036279956133577214}, "datetime": {"datetime": "2020-11-03 21:26:33", "elapsed": 3389.055007, "delta": 98.447722}}
{"target": -0.026230532048528096, "params": {"beta": 0.9861589607209604, "gamma": 0.019213024736407458, "p": 0.44702255976878236}, "datetime": {"datetime": "2020-11-03 21:28:37", "elapsed": 3512.607539, "delta": 123.552532}}
{"target": -0.09309693269521727, "params": {"beta": 0.2956128202802294, "gamma": 0.015094851176100597, "p": 0.05705340347115037}, "datetime": {"datetime": "2020-11-03 21:30:22", "elapsed": 3618.017745, "delta": 105.410206}}
{"target": -0.040499098998964075, "params": {"beta": 0.2531334442471168, "gamma": 0.49477831145029794, "p": 0.9832108166681696}, "datetime": {"datetime": "2020-11-03 21:32:13", "elapsed": 3728.577196, "delta": 110.559451}}
{"target": -0.031562127511368235, "params": {"beta": 0.8313837122037168, "gamma": 0.026985302990092185, "p": 0.6112057858251848}, "datetime": {"datetime": "2020-11-03 21:34:19", "elapsed": 3855.466126, "delta": 126.88893}}
{"target": -0.012420467499656246, "params": {"beta": 0.010000015337792018, "gamma": 0.2015314207523743, "p": 0.010000000000034485}, "datetime": {"datetime": "2020-11-03 21:35:59", "elapsed": 3954.606274, "delta": 99.140148}}
{"target": -0.013385387227076332, "params": {"beta": 0.010213622099781505, "gamma": 0.9557570465550016, "p": 0.7647303716163055}, "datetime": {"datetime": "2020-11-03 21:37:41", "elapsed": 4056.543724, "delta": 101.93745}}
{"target": -0.010077217167422839, "params": {"beta": 0.012000534418751074, "gamma": 0.9445990516452695, "p": 0.12636511147529256}, "datetime": {"datetime": "2020-11-03 21:39:22", "elapsed": 4158.169752, "delta": 101.626028}}
{"target": -0.01275579792845201, "params": {"beta": 0.012784034185573688, "gamma": 0.6057911478602307, "p": 0.7187475245218252}, "datetime": {"datetime": "2020-11-03 21:41:09", "elapsed": 4265.227788, "delta": 107.058036}}
{"target": -0.011796928612086848, "params": {"beta": 0.013523937699498997, "gamma": 0.4195955315405541, "p": 0.3506932599322448}, "datetime": {"datetime": "2020-11-03 21:42:55", "elapsed": 4371.140769, "delta": 105.912981}}
{"target": -0.012606369143444221, "params": {"beta": 0.011542513749061418, "gamma": 0.7221991952670079, "p": 0.5779401629625758}, "datetime": {"datetime": "2020-11-03 21:44:39", "elapsed": 4474.769852, "delta": 103.629083}}
{"target": -0.01203206657759087, "params": {"beta": 0.010319280344068895, "gamma": 0.9812674248125111, "p": 0.1613540200586272}, "datetime": {"datetime": "2020-11-03 21:46:19", "elapsed": 4575.247808, "delta": 100.477956}}
{"target": -0.007544297742753488, "params": {"beta": 0.01583502079575114, "gamma": 0.9881704181464913, "p": 0.33732164548890126}, "datetime": {"datetime": "2020-11-03 21:48:00", "elapsed": 4676.196042, "delta": 100.948234}}
{"target": -0.009299719035973318, "params": {"beta": 0.013383641078232235, "gamma": 0.9821685807827853, "p": 0.40470472418450026}, "datetime": {"datetime": "2020-11-03 21:49:41", "elapsed": 4776.617195, "delta": 100.421153}}
{"target": -0.028511926215760427, "params": {"beta": 0.30149802286527244, "gamma": 0.2847687855929843, "p": 0.7259882704822611}, "datetime": {"datetime": "2020-11-03 21:51:37", "elapsed": 4892.733418, "delta": 116.116223}}
{"target": -0.03852853176124375, "params": {"beta": 0.9842466466916019, "gamma": 0.01323413801784648, "p": 0.6490085457283925}, "datetime": {"datetime": "2020-11-03 21:53:42", "elapsed": 5017.942806, "delta": 125.209388}}
{"target": -0.011110388146894343, "params": {"beta": 0.011665301671846246, "gamma": 0.4500839931219631, "p": 0.09009139002810819}, "datetime": {"datetime": "2020-11-03 21:55:23", "elapsed": 5118.914582, "delta": 100.971776}}
{"target": -0.3342443191332394, "params": {"beta": 0.99, "gamma": 0.01, "p": 0.01000004348098266}, "datetime": {"datetime": "2020-11-03 21:57:01", "elapsed": 5217.318325, "delta": 98.403743}}
{"target": -0.041333531832743284, "params": {"beta": 0.9068011310366395, "gamma": 0.17484052084101556, "p": 0.49203852763491557}, "datetime": {"datetime": "2020-11-03 21:58:59", "elapsed": 5334.771575, "delta": 117.45325}}
{"target": -0.02472726440552881, "params": {"beta": 0.6835071825071619, "gamma": 0.20344456728504992, "p": 0.9893889333698829}, "datetime": {"datetime": "2020-11-03 22:01:02", "elapsed": 5457.611009, "delta": 122.839434}}
{"target": -0.010583883867663343, "params": {"beta": 0.01380322872092335, "gamma": 0.8299632135345943, "p": 0.9686209423600599}, "datetime": {"datetime": "2020-11-03 22:02:46", "elapsed": 5562.018355, "delta": 104.407346}}
{"target": -0.01138429890949655, "params": {"beta": 0.010655055245052487, "gamma": 0.8654002763048619, "p": 0.06034168530977737}, "datetime": {"datetime": "2020-11-03 22:04:25", "elapsed": 5660.708665, "delta": 98.69031}}
{"target": -0.010474410558936999, "params": {"beta": 0.011636859055706746, "gamma": 0.7653637637970453, "p": 0.10578419090330429}, "datetime": {"datetime": "2020-11-03 22:06:04", "elapsed": 5760.200486, "delta": 99.491821}}
{"target": -0.014013170184215927, "params": {"beta": 0.010902442369824574, "gamma": 0.5594003904326991, "p": 0.44790024349803986}, "datetime": {"datetime": "2020-11-03 22:07:49", "elapsed": 5865.27161, "delta": 105.071124}}
{"target": -0.012473942603932748, "params": {"beta": 0.0375277218545711, "gamma": 0.23882638019786848, "p": 0.563099222476998}, "datetime": {"datetime": "2020-11-03 22:09:46", "elapsed": 5981.56182, "delta": 116.29021}}
{"target": -0.018503243013932268, "params": {"beta": 0.15927386403977745, "gamma": 0.12953836584400188, "p": 0.578328521584648}, "datetime": {"datetime": "2020-11-03 22:11:49", "elapsed": 6105.297284, "delta": 123.735464}}
