{"target": -0.2585418144091153, "params": {"beta": 0.7276219031074749, "gamma": 0.565845235141867, "p": 0.3051994122489931}, "datetime": {"datetime": "2020-11-04 01:31:49", "elapsed": 0.0, "delta": 0.0}}
{"target": -0.33763555580760546, "params": {"beta": 0.7749712669681181, "gamma": 0.497916792317126, "p": 0.12653198287708187}, "datetime": {"datetime": "2020-11-04 01:37:17", "elapsed": 327.352463, "delta": 327.352463}}
{"target": -0.13042888153470517, "params": {"beta": 0.39078833232721283, "gamma": 0.3967499347285554, "p": 0.3407750666686109}, "datetime": {"datetime": "2020-11-04 01:43:06", "elapsed": 676.25892, "delta": 348.906457}}
{"target": -0.01879697302585141, "params": {"beta": 0.09089974052861303, "gamma": 0.36789380024771157, "p": 0.41071357083294235}, "datetime": {"datetime": "2020-11-04 01:49:03", "elapsed": 1033.174517, "delta": 356.915597}}
{"target": -0.06265313148217129, "params": {"beta": 0.924599368884012, "gamma": 0.29615242025164595, "p": 0.8318685506191031}, "datetime": {"datetime": "2020-11-04 01:55:35", "elapsed": 1425.42969, "delta": 392.255173}}
{"target": -0.13532553753712181, "params": {"beta": 0.9794336418381338, "gamma": 0.4169687090988026, "p": 0.6931476367302184}, "datetime": {"datetime": "2020-11-04 02:01:40", "elapsed": 1790.941054, "delta": 365.511364}}
{"target": -0.14526754518386845, "params": {"beta": 0.9507307952726916, "gamma": 0.4402068756491916, "p": 0.6827545179510486}, "datetime": {"datetime": "2020-11-04 02:07:43", "elapsed": 2153.334404, "delta": 362.39335}}
{"target": -0.16457260958295686, "params": {"beta": 0.30120881631956814, "gamma": 0.968363597886813, "p": 0.6894552234761901}, "datetime": {"datetime": "2020-11-04 02:13:13", "elapsed": 2483.687551, "delta": 330.353147}}
{"target": -0.04048434042739547, "params": {"beta": 0.010000000000000009, "gamma": 0.01, "p": 0.99}, "datetime": {"datetime": "2020-11-04 02:20:23", "elapsed": 2913.595119, "delta": 429.907568}}
{"target": -0.005833374442282791, "params": {"beta": 0.01, "gamma": 0.99, "p": 0.01}, "datetime": {"datetime": "2020-11-04 02:25:42", "elapsed": 3232.343672, "delta": 318.748553}}
{"target": -0.005533481263151098, "params": {"beta": 0.01, "gamma": 0.01, "p": 0.010000000000000009}, "datetime": {"datetime": "2020-11-04 02:31:09", "elapsed": 3559.751614, "delta": 327.407942}}
{"target": -0.025735420554910033, "params": {"beta": 0.9448782656250806, "gamma": 0.015088677045801437, "p": 0.9249068379412351}, "datetime": {"datetime": "2020-11-04 02:38:30", "elapsed": 4000.593486, "delta": 440.841872}}
{"target": -0.3145926929309655, "params": {"beta": 0.99, "gamma": 0.99, "p": 0.99}, "datetime": {"datetime": "2020-11-04 02:44:01", "elapsed": 4331.953789, "delta": 331.360303}}
{"target": -0.0057730191550096266, "params": {"beta": 0.01, "gamma": 0.5272001770827609, "p": 0.01}, "datetime": {"datetime": "2020-11-04 02:49:21", "elapsed": 4651.586727, "delta": 319.632938}}
{"target": -0.0039183863880000135, "params": {"beta": 0.01, "gamma": 0.5687562385943231, "p": 0.99}, "datetime": {"datetime": "2020-11-04 02:55:22", "elapsed": 5012.027432, "delta": 360.440705}}
{"target": -0.004849903687335984, "params": {"beta": 0.01, "gamma": 0.7889558457542708, "p": 0.37679553397654153}, "datetime": {"datetime": "2020-11-04 03:00:55", "elapsed": 5345.900777, "delta": 333.873345}}
{"target": -0.010920205148934669, "params": {"beta": 0.01, "gamma": 0.01, "p": 0.43150155804488444}, "datetime": {"datetime": "2020-11-04 03:08:06", "elapsed": 5776.714181, "delta": 430.813404}}
{"target": -0.004026863106056208, "params": {"beta": 0.01, "gamma": 0.390705611594945, "p": 0.7106943521319772}, "datetime": {"datetime": "2020-11-04 03:14:18", "elapsed": 6148.851629, "delta": 372.137448}}
{"target": -0.004751208122318053, "params": {"beta": 0.01, "gamma": 0.99, "p": 0.99}, "datetime": {"datetime": "2020-11-04 03:19:55", "elapsed": 6485.483511, "delta": 336.631882}}
{"target": -0.004037467445077985, "params": {"beta": 0.01, "gamma": 0.25474701824985846, "p": 0.25465550529903064}, "datetime": {"datetime": "2020-11-04 03:25:50", "elapsed": 6840.581988, "delta": 355.098477}}
{"target": -0.00435249310459554, "params": {"beta": 0.99, "gamma": 0.11539353999290042, "p": 0.99}, "datetime": {"datetime": "2020-11-04 03:33:13", "elapsed": 7283.030049, "delta": 442.448061}}
{"target": -0.007672798170501709, "params": {"beta": 0.5057912073100748, "gamma": 0.08170500192589852, "p": 0.99}, "datetime": {"datetime": "2020-11-04 03:40:39", "elapsed": 7729.371174, "delta": 446.341125}}
{"target": -0.004281045825250039, "params": {"beta": 0.012433833149256215, "gamma": 0.5514663310188035, "p": 0.487776827557698}, "datetime": {"datetime": "2020-11-04 03:46:25", "elapsed": 8075.61, "delta": 346.238826}}
{"target": -0.018536589650409368, "params": {"beta": 0.23048260501037704, "gamma": 0.3083916068935573, "p": 0.9815686536243796}, "datetime": {"datetime": "2020-11-04 03:53:04", "elapsed": 8474.080017, "delta": 398.470017}}
{"target": -0.0052546070611663095, "params": {"beta": 0.01, "gamma": 0.6618355882911404, "p": 0.14081108495519545}, "datetime": {"datetime": "2020-11-04 03:58:31", "elapsed": 8801.893157, "delta": 327.81314}}
{"target": -0.005614162671596625, "params": {"beta": 0.014277857729660053, "gamma": 0.9882695338892409, "p": 0.2635812073834433}, "datetime": {"datetime": "2020-11-04 04:03:58", "elapsed": 9128.954434, "delta": 327.061277}}
{"target": -0.004151695713089364, "params": {"beta": 0.01160384670802037, "gamma": 0.27972230994478775, "p": 0.5550121101497351}, "datetime": {"datetime": "2020-11-04 04:10:17", "elapsed": 9507.791028, "delta": 378.836594}}
{"target": -0.004569933083852757, "params": {"beta": 0.010882896927194925, "gamma": 0.854910945900014, "p": 0.8198378761072284}, "datetime": {"datetime": "2020-11-04 04:15:57", "elapsed": 9847.636931, "delta": 339.845903}}
{"target": -0.005010814154005034, "params": {"beta": 0.012291688930440116, "gamma": 0.9705478288671919, "p": 0.598905026070999}, "datetime": {"datetime": "2020-11-04 04:21:29", "elapsed": 10179.828958, "delta": 332.192027}}
{"target": -0.01607795672943108, "params": {"beta": 0.7794886331367562, "gamma": 0.04960727723467909, "p": 0.9864779853833894}, "datetime": {"datetime": "2020-11-04 04:28:57", "elapsed": 10628.009661, "delta": 448.180703}}
{"target": -0.018435698336179737, "params": {"beta": 0.28247075302624963, "gamma": 0.011144030890268863, "p": 0.8100751940292318}, "datetime": {"datetime": "2020-11-04 04:36:25", "elapsed": 11075.251406, "delta": 447.241745}}
{"target": -0.005731123692261638, "params": {"beta": 0.010000000003176678, "gamma": 0.22491542327421163, "p": 0.01}, "datetime": {"datetime": "2020-11-04 04:41:46", "elapsed": 11396.94707, "delta": 321.695664}}
{"target": -0.00589663501686425, "params": {"beta": 0.010654188548276575, "gamma": 0.814857906219804, "p": 0.011658505075551225}, "datetime": {"datetime": "2020-11-04 04:47:08", "elapsed": 11718.139353, "delta": 321.192283}}
{"target": -0.004402199027762747, "params": {"beta": 0.010000018683328839, "gamma": 0.4675207673761358, "p": 0.30209903395972293}, "datetime": {"datetime": "2020-11-04 04:52:52", "elapsed": 12062.401756, "delta": 344.262403}}
{"target": -0.004052213349177211, "params": {"beta": 0.011242319634721887, "gamma": 0.575757952510832, "p": 0.7263519104544345}, "datetime": {"datetime": "2020-11-04 04:58:46", "elapsed": 12416.630513, "delta": 354.228757}}
{"target": -0.004370899799267893, "params": {"beta": 0.01679986236115124, "gamma": 0.7640668478212415, "p": 0.9736237595662348}, "datetime": {"datetime": "2020-11-04 05:04:32", "elapsed": 12762.773085, "delta": 346.142572}}
{"target": -0.004071144475422343, "params": {"beta": 0.01, "gamma": 0.010000079608491705, "p": 0.15920077451518866}, "datetime": {"datetime": "2020-11-04 05:10:45", "elapsed": 13135.951038, "delta": 373.177953}}
{"target": -0.003968214157159066, "params": {"beta": 0.010596888148813597, "gamma": 0.41658931398752264, "p": 0.5530821740180863}, "datetime": {"datetime": "2020-11-04 05:16:48", "elapsed": 13498.217505, "delta": 362.266467}}
{"target": -0.02928321110215153, "params": {"beta": 0.37377335337254075, "gamma": 0.02264196498759875, "p": 0.985015839558346}, "datetime": {"datetime": "2020-11-04 05:24:15", "elapsed": 13945.953912, "delta": 447.736407}}
{"target": -0.017204897210744054, "params": {"beta": 0.5991015629124934, "gamma": 0.22075555652107748, "p": 0.9845880891231177}, "datetime": {"datetime": "2020-11-04 05:31:17", "elapsed": 14367.788535, "delta": 421.834623}}
{"target": -0.004917775126950143, "params": {"beta": 0.44304373940801245, "gamma": 0.13172859061346243, "p": 0.8385664624703492}, "datetime": {"datetime": "2020-11-04 05:38:32", "elapsed": 14802.790677, "delta": 435.002142}}
{"target": -0.006730913274833458, "params": {"beta": 0.010052901848264892, "gamma": 0.24515859576308657, "p": 0.8591769752022339}, "datetime": {"datetime": "2020-11-04 05:45:21", "elapsed": 15211.259328, "delta": 408.468651}}
{"target": -0.0071877424680998935, "params": {"beta": 0.2218907349589303, "gamma": 0.1667611410090624, "p": 0.7351706542160718}, "datetime": {"datetime": "2020-11-04 05:52:18", "elapsed": 15628.441412, "delta": 417.182084}}
{"target": -0.0045733295096754755, "params": {"beta": 0.010727996517963828, "gamma": 0.71380671353024, "p": 0.5680540388301513}, "datetime": {"datetime": "2020-11-04 05:57:59", "elapsed": 15969.108942, "delta": 340.66753}}
{"target": -0.00993550449100715, "params": {"beta": 0.012260944941911394, "gamma": 0.11978073662285181, "p": 0.6832864090581339}, "datetime": {"datetime": "2020-11-04 06:05:06", "elapsed": 16396.061747, "delta": 426.952805}}
{"target": -0.00407858337894662, "params": {"beta": 0.010159462232430716, "gamma": 0.4370172366355648, "p": 0.8814442593141817}, "datetime": {"datetime": "2020-11-04 06:11:19", "elapsed": 16769.716217, "delta": 373.65447}}
{"target": -0.005173663857514105, "params": {"beta": 0.011764687458020917, "gamma": 0.986659349431439, "p": 0.39287566165116705}, "datetime": {"datetime": "2020-11-04 06:16:50", "elapsed": 17101.013739, "delta": 331.297522}}
{"target": -0.005489164734166701, "params": {"beta": 0.010149862392100256, "gamma": 0.9135278383420851, "p": 0.10053440392124324}, "datetime": {"datetime": "2020-11-04 06:22:16", "elapsed": 17426.250535, "delta": 325.236796}}
{"target": -0.0039941457829681445, "params": {"beta": 0.010000000000000009, "gamma": 0.36074379365074943, "p": 0.41833733601858}, "datetime": {"datetime": "2020-11-04 06:28:19", "elapsed": 17789.312275, "delta": 363.06174}}
{"target": -0.0037647615848913824, "params": {"beta": 0.018516607242407834, "gamma": 0.37371307864232167, "p": 0.987729970823707}, "datetime": {"datetime": "2020-11-04 06:34:49", "elapsed": 18179.504492, "delta": 390.192217}}
{"target": -0.004225620823297649, "params": {"beta": 0.010758099386146074, "gamma": 0.7000560777290662, "p": 0.8604508615165234}, "datetime": {"datetime": "2020-11-04 06:40:37", "elapsed": 18527.993609, "delta": 348.489117}}
{"target": -0.004889126004735812, "params": {"beta": 0.01007278465961889, "gamma": 0.3676088200698007, "p": 0.11264451004782802}, "datetime": {"datetime": "2020-11-04 06:46:12", "elapsed": 18862.88158, "delta": 334.887971}}
{"target": -0.0041348899701928255, "params": {"beta": 0.010403678021477793, "gamma": 0.13601892817226166, "p": 0.14416495088648298}, "datetime": {"datetime": "2020-11-04 06:52:06", "elapsed": 19216.059115, "delta": 353.177535}}
{"target": -0.004331762471434244, "params": {"beta": 0.01209130971249351, "gamma": 0.17026201587281903, "p": 0.4129469602949984}, "datetime": {"datetime": "2020-11-04 06:58:33", "elapsed": 19603.656302, "delta": 387.597187}}
{"target": -0.0032977858655230253, "params": {"beta": 0.5295458859268037, "gamma": 0.10645771377927743, "p": 0.8905031546905532}, "datetime": {"datetime": "2020-11-04 07:06:01", "elapsed": 20051.261512, "delta": 447.60521}}
{"target": -0.0049768560284112464, "params": {"beta": 0.010866642085381975, "gamma": 0.9191984627226919, "p": 0.5133331834074373}, "datetime": {"datetime": "2020-11-04 07:11:35", "elapsed": 20385.743824, "delta": 334.482312}}
{"target": -0.004445052205770876, "params": {"beta": 0.010025130955832951, "gamma": 0.7357074753438614, "p": 0.6422447137796572}, "datetime": {"datetime": "2020-11-04 07:17:17", "elapsed": 20727.814143, "delta": 342.070319}}
{"target": -0.004407138131198391, "params": {"beta": 0.010859864897185274, "gamma": 0.8294662930515057, "p": 0.9876256493603776}, "datetime": {"datetime": "2020-11-04 07:23:01", "elapsed": 21071.256205, "delta": 343.442062}}
