{"target": -0.19944171451212422, "params": {"beta": 0.7276219031074749, "gamma": 0.565845235141867, "p": 0.3051994122489931}, "datetime": {"datetime": "2020-09-17 20:06:47", "elapsed": 0.0, "delta": 0.0}}
{"target": -0.2767310862138426, "params": {"beta": 0.7749712669681181, "gamma": 0.497916792317126, "p": 0.12653198287708187}, "datetime": {"datetime": "2020-09-17 20:20:43", "elapsed": 836.903974, "delta": 836.903974}}
{"target": -0.12462957302940689, "params": {"beta": 0.39078833232721283, "gamma": 0.3967499347285554, "p": 0.3407750666686109}, "datetime": {"datetime": "2020-09-17 20:35:12", "elapsed": 1705.644433, "delta": 868.740459}}
{"target": -0.06720457094418847, "params": {"beta": 0.09089974052861303, "gamma": 0.36789380024771157, "p": 0.41071357083294235}, "datetime": {"datetime": "2020-09-17 20:49:55", "elapsed": 2588.013635, "delta": 882.369202}}
{"target": -0.056899908819939976, "params": {"beta": 0.924599368884012, "gamma": 0.29615242025164595, "p": 0.8318685506191031}, "datetime": {"datetime": "2020-09-17 21:05:20", "elapsed": 3512.985967, "delta": 924.972332}}
{"target": -0.0952210006249575, "params": {"beta": 0.9794336418381338, "gamma": 0.4169687090988026, "p": 0.6931476367302184}, "datetime": {"datetime": "2020-09-17 21:20:12", "elapsed": 4405.291655, "delta": 892.305688}}
{"target": -0.10123060013794849, "params": {"beta": 0.9507307952726916, "gamma": 0.4402068756491916, "p": 0.6827545179510486}, "datetime": {"datetime": "2020-09-17 21:35:06", "elapsed": 5299.634304, "delta": 894.342649}}
{"target": -0.14394170738587397, "params": {"beta": 0.30120881631956814, "gamma": 0.968363597886813, "p": 0.6894552234761901}, "datetime": {"datetime": "2020-09-17 21:49:27", "elapsed": 6159.943474, "delta": 860.30917}}
{"target": -0.051893429489508466, "params": {"beta": 0.010000000000000009, "gamma": 0.01, "p": 0.99}, "datetime": {"datetime": "2020-09-17 22:04:44", "elapsed": 7077.385124, "delta": 917.44165}}
{"target": -0.191583977422765, "params": {"beta": 0.99, "gamma": 0.99, "p": 0.99}, "datetime": {"datetime": "2020-09-17 22:19:05", "elapsed": 7938.584099, "delta": 861.198975}}
{"target": -0.05204725636217444, "params": {"beta": 0.99, "gamma": 0.01, "p": 0.99}, "datetime": {"datetime": "2020-09-17 22:34:27", "elapsed": 8860.29429, "delta": 921.710191}}
{"target": -0.04263582629331671, "params": {"beta": 0.01, "gamma": 0.5355017596146169, "p": 0.99}, "datetime": {"datetime": "2020-09-17 22:49:32", "elapsed": 9765.104026, "delta": 904.809736}}
{"target": -0.03457793921352712, "params": {"beta": 0.3225531129785795, "gamma": 0.23124203554049527, "p": 0.9820060016888994}, "datetime": {"datetime": "2020-09-17 23:05:09", "elapsed": 10702.840921, "delta": 937.736895}}
{"target": -0.03261776093714142, "params": {"beta": 0.021583943465049632, "gamma": 0.25371452137548706, "p": 0.7676507666490735}, "datetime": {"datetime": "2020-09-17 23:20:41", "elapsed": 11634.069, "delta": 931.228079}}
{"target": -0.039241189825373446, "params": {"beta": 0.9885169468760147, "gamma": 0.20122576500291636, "p": 0.9897205081596321}, "datetime": {"datetime": "2020-09-17 23:36:27", "elapsed": 12580.335454, "delta": 946.266454}}
{"target": -0.04707196025684578, "params": {"beta": 0.013737106265795813, "gamma": 0.4665100823882099, "p": 0.7191264380660687}, "datetime": {"datetime": "2020-09-17 23:51:22", "elapsed": 13475.4217, "delta": 895.086246}}
{"target": -0.03198008760473796, "params": {"beta": 0.01, "gamma": 0.010000000945960047, "p": 0.47699800665564596}, "datetime": {"datetime": "2020-09-18 00:06:58", "elapsed": 14411.716853, "delta": 936.295153}}
{"target": -0.05730582045755238, "params": {"beta": 0.01, "gamma": 0.01, "p": 0.17095867262800712}, "datetime": {"datetime": "2020-09-18 00:21:42", "elapsed": 15295.676351, "delta": 883.959498}}
{"target": -0.0676338163951622, "params": {"beta": 0.45137098476765825, "gamma": 0.4800366116732993, "p": 0.9860704212624134}, "datetime": {"datetime": "2020-09-18 00:36:47", "elapsed": 16199.905346, "delta": 904.228995}}
{"target": -0.03614552721188317, "params": {"beta": 0.3596773403142708, "gamma": 0.010000000015579293, "p": 0.7827906720556449}, "datetime": {"datetime": "2020-09-18 00:52:32", "elapsed": 17145.028269, "delta": 945.122923}}
{"target": -0.0984855076809263, "params": {"beta": 0.01, "gamma": 0.99, "p": 0.010000000000000009}, "datetime": {"datetime": "2020-09-18 01:06:21", "elapsed": 17974.039113, "delta": 829.010844}}
{"target": -0.036746476116221144, "params": {"beta": 0.604593313431587, "gamma": 0.11339611836695652, "p": 0.9769663503503011}, "datetime": {"datetime": "2020-09-18 01:22:05", "elapsed": 18918.015582, "delta": 943.976469}}
{"target": -0.03135224768281103, "params": {"beta": 0.015009237923990495, "gamma": 0.039310502216284016, "p": 0.7173086885783734}, "datetime": {"datetime": "2020-09-18 01:37:53", "elapsed": 19865.972028, "delta": 947.956446}}
{"target": -0.06563170695290198, "params": {"beta": 0.01, "gamma": 0.99, "p": 0.99}, "datetime": {"datetime": "2020-09-18 01:52:19", "elapsed": 20732.72327, "delta": 866.751242}}
{"target": -0.030993436509270254, "params": {"beta": 0.19615462884703766, "gamma": 0.13398094751116474, "p": 0.7886612652662318}, "datetime": {"datetime": "2020-09-18 02:08:02", "elapsed": 21675.774248, "delta": 943.050978}}
{"target": -0.03169447921749704, "params": {"beta": 0.01606622986966406, "gamma": 0.15455829958159134, "p": 0.6531758586518817}, "datetime": {"datetime": "2020-09-18 02:23:37", "elapsed": 22609.923407, "delta": 934.149159}}
{"target": -0.0343525524429699, "params": {"beta": 0.3568468475741911, "gamma": 0.1524219351302351, "p": 0.8424171654465898}, "datetime": {"datetime": "2020-09-18 02:39:24", "elapsed": 23557.508996, "delta": 947.585589}}
{"target": -0.03381111710990625, "params": {"beta": 0.2332560792789912, "gamma": 0.07188130343826152, "p": 0.9096563962490178}, "datetime": {"datetime": "2020-09-18 02:55:15", "elapsed": 24508.139539, "delta": 950.630543}}
{"target": -0.031171335915079423, "params": {"beta": 0.1493582865220209, "gamma": 0.014512751685509279, "p": 0.6749891846102001}, "datetime": {"datetime": "2020-09-18 03:11:03", "elapsed": 25456.64921, "delta": 948.509671}}
{"target": -0.03102087240815446, "params": {"beta": 0.01, "gamma": 0.010000000000000224, "p": 0.6199011604256037}, "datetime": {"datetime": "2020-09-18 03:26:52", "elapsed": 26405.645504, "delta": 948.996294}}
{"target": -0.030733900565240446, "params": {"beta": 0.01276085661503597, "gamma": 0.28233286640402244, "p": 0.9736114238890853}, "datetime": {"datetime": "2020-09-18 03:42:29", "elapsed": 27342.194841, "delta": 936.549337}}
{"target": -0.02910552825189122, "params": {"beta": 0.0895989312679853, "gamma": 0.17816573981823144, "p": 0.8752642761213654}, "datetime": {"datetime": "2020-09-18 03:58:11", "elapsed": 28284.706524, "delta": 942.511683}}
{"target": -0.030160243586948056, "params": {"beta": 0.12560217722979874, "gamma": 0.2404534472148013, "p": 0.9765815827727385}, "datetime": {"datetime": "2020-09-18 04:13:51", "elapsed": 29224.790398, "delta": 940.083874}}
{"target": -0.030183617185504306, "params": {"beta": 0.02371339390058489, "gamma": 0.2227328435842444, "p": 0.8883804168431318}, "datetime": {"datetime": "2020-09-18 04:29:35", "elapsed": 30168.003199, "delta": 943.212801}}
{"target": -0.029409575579900645, "params": {"beta": 0.1211159739756837, "gamma": 0.16508551152477205, "p": 0.8532167068455055}, "datetime": {"datetime": "2020-09-18 04:45:22", "elapsed": 31115.653252, "delta": 947.650053}}
{"target": -0.029548298642785097, "params": {"beta": 0.1098418262861374, "gamma": 0.1274583152377098, "p": 0.7734095845344631}, "datetime": {"datetime": "2020-09-18 05:01:06", "elapsed": 32059.653453, "delta": 944.000201}}
{"target": -0.030809731101987654, "params": {"beta": 0.1328319378765649, "gamma": 0.21775460605756297, "p": 0.9057138185002099}, "datetime": {"datetime": "2020-09-18 05:16:48", "elapsed": 33001.109201, "delta": 941.455748}}
{"target": -0.028833740757533644, "params": {"beta": 0.07259417814039865, "gamma": 0.13785989364672496, "p": 0.8064709319116314}, "datetime": {"datetime": "2020-09-18 05:32:33", "elapsed": 33946.823284, "delta": 945.714083}}
{"target": -0.029326263722311056, "params": {"beta": 0.08639474356078863, "gamma": 0.13071628815671038, "p": 0.7702729461315401}, "datetime": {"datetime": "2020-09-18 05:48:20", "elapsed": 34893.665255, "delta": 946.841971}}
{"target": -0.029560949820051058, "params": {"beta": 0.01300619948326665, "gamma": 0.19041178629322864, "p": 0.8703441118616805}, "datetime": {"datetime": "2020-09-18 06:04:03", "elapsed": 35836.376676, "delta": 942.711421}}
{"target": -0.02903970471622697, "params": {"beta": 0.062159060638821435, "gamma": 0.13041625967006085, "p": 0.7917942910604117}, "datetime": {"datetime": "2020-09-18 06:19:48", "elapsed": 36781.872851, "delta": 945.496175}}
{"target": -0.029887731198847415, "params": {"beta": 0.014038343912656397, "gamma": 0.13764196619458766, "p": 0.7735342078131197}, "datetime": {"datetime": "2020-09-18 06:35:30", "elapsed": 37723.466044, "delta": 941.593193}}
{"target": -0.029183615055913863, "params": {"beta": 0.1076782700384415, "gamma": 0.1431285572602845, "p": 0.8160513429991254}, "datetime": {"datetime": "2020-09-18 06:51:17", "elapsed": 38670.636203, "delta": 947.170159}}
{"target": -0.028691232349196287, "params": {"beta": 0.08013248041213611, "gamma": 0.12568039465652825, "p": 0.7836651206283787}, "datetime": {"datetime": "2020-09-18 07:07:05", "elapsed": 39618.454355, "delta": 947.818152}}
{"target": -0.029390306038641026, "params": {"beta": 0.09242615778249504, "gamma": 0.11223727457222432, "p": 0.7355064504098018}, "datetime": {"datetime": "2020-09-18 07:22:51", "elapsed": 40564.650738, "delta": 946.196383}}
{"target": -0.03010518253648589, "params": {"beta": 0.010447710539857678, "gamma": 0.18897655811202696, "p": 0.8382211728230228}, "datetime": {"datetime": "2020-09-18 07:38:33", "elapsed": 41506.609617, "delta": 941.958879}}
{"target": -0.029059042435167326, "params": {"beta": 0.10984478556293328, "gamma": 0.10995157308038268, "p": 0.7874177402551662}, "datetime": {"datetime": "2020-09-18 07:54:24", "elapsed": 42457.068261, "delta": 950.458644}}
{"target": -0.029359848334941593, "params": {"beta": 0.1210123978804668, "gamma": 0.1668788953626273, "p": 0.8703282146439675}, "datetime": {"datetime": "2020-09-18 08:10:10", "elapsed": 43403.816381, "delta": 946.74812}}
{"target": -0.029021130525181106, "params": {"beta": 0.10571626343879871, "gamma": 0.09454445287498936, "p": 0.7740578117941387}, "datetime": {"datetime": "2020-09-18 08:26:00", "elapsed": 44353.706582, "delta": 949.890201}}
{"target": -0.029029040138287016, "params": {"beta": 0.09676518810074193, "gamma": 0.08850562166649116, "p": 0.7242680852598896}, "datetime": {"datetime": "2020-09-18 08:41:50", "elapsed": 45303.819381, "delta": 950.112799}}
{"target": -0.029253605914514834, "params": {"beta": 0.08351382133485183, "gamma": 0.12721334485949212, "p": 0.7616096982735286}, "datetime": {"datetime": "2020-09-18 08:57:38", "elapsed": 46251.820912, "delta": 948.001531}}
{"target": -0.028934293145781196, "params": {"beta": 0.10224426052733868, "gamma": 0.13432280922531167, "p": 0.8063253578412357}, "datetime": {"datetime": "2020-09-18 09:13:25", "elapsed": 47198.223741, "delta": 946.402829}}
{"target": -0.02906171034568536, "params": {"beta": 0.0789731555021063, "gamma": 0.09760545739513658, "p": 0.7127002369020821}, "datetime": {"datetime": "2020-09-18 09:29:12", "elapsed": 48144.997593, "delta": 946.773852}}
{"target": -0.030506258778486648, "params": {"beta": 0.010635865562122234, "gamma": 0.10188347949590702, "p": 0.6537176485121112}, "datetime": {"datetime": "2020-09-18 09:44:56", "elapsed": 49088.981565, "delta": 943.983972}}
{"target": -0.029074717428286986, "params": {"beta": 0.11023732492519402, "gamma": 0.1171697623619734, "p": 0.7886143984859632}, "datetime": {"datetime": "2020-09-18 10:00:44", "elapsed": 50037.767921, "delta": 948.786356}}
{"target": -0.028886712728293337, "params": {"beta": 0.0885697163960067, "gamma": 0.16317121676312416, "p": 0.8455497261636798}, "datetime": {"datetime": "2020-09-18 10:16:32", "elapsed": 50985.585816, "delta": 947.817895}}
{"target": -0.02940273583854443, "params": {"beta": 0.12068474313830843, "gamma": 0.08621923442144873, "p": 0.7591538996921225}, "datetime": {"datetime": "2020-09-18 10:32:20", "elapsed": 51933.823016, "delta": 948.2372}}
{"target": -0.029704655863683833, "params": {"beta": 0.08589216896755723, "gamma": 0.18315896957917477, "p": 0.8580992812794974}, "datetime": {"datetime": "2020-09-18 10:48:04", "elapsed": 52877.24178, "delta": 943.418764}}
