{"target": -0.1482112142086549, "params": {"beta": 0.7276219031074749, "gamma": 0.565845235141867, "p": 0.3051994122489931}, "datetime": {"datetime": "2020-09-16 19:00:50", "elapsed": 0.0, "delta": 0.0}}
{"target": -0.2060877163827004, "params": {"beta": 0.7749712669681181, "gamma": 0.497916792317126, "p": 0.12653198287708187}, "datetime": {"datetime": "2020-09-16 19:05:38", "elapsed": 287.676601, "delta": 287.676601}}
{"target": -0.10403634871577229, "params": {"beta": 0.39078833232721283, "gamma": 0.3967499347285554, "p": 0.3407750666686109}, "datetime": {"datetime": "2020-09-16 19:10:30", "elapsed": 580.242862, "delta": 292.566261}}
{"target": -0.06696621060189217, "params": {"beta": 0.09089974052861303, "gamma": 0.36789380024771157, "p": 0.41071357083294235}, "datetime": {"datetime": "2020-09-16 19:15:24", "elapsed": 873.8948, "delta": 293.651938}}
{"target": -0.06242698580659616, "params": {"beta": 0.924599368884012, "gamma": 0.29615242025164595, "p": 0.8318685506191031}, "datetime": {"datetime": "2020-09-16 19:20:16", "elapsed": 1166.405201, "delta": 292.510401}}
{"target": -0.08273001923601381, "params": {"beta": 0.9794336418381338, "gamma": 0.4169687090988026, "p": 0.6931476367302184}, "datetime": {"datetime": "2020-09-16 19:25:10", "elapsed": 1459.916099, "delta": 293.510898}}
{"target": -0.08482951932045274, "params": {"beta": 0.9507307952726916, "gamma": 0.4402068756491916, "p": 0.6827545179510486}, "datetime": {"datetime": "2020-09-16 19:30:01", "elapsed": 1750.748411, "delta": 290.832312}}
{"target": -0.11804940910917257, "params": {"beta": 0.30120881631956814, "gamma": 0.968363597886813, "p": 0.6894552234761901}, "datetime": {"datetime": "2020-09-16 19:34:46", "elapsed": 2036.304843, "delta": 285.556432}}
{"target": -0.06721780649938948, "params": {"beta": 0.01, "gamma": 0.01, "p": 0.99}, "datetime": {"datetime": "2020-09-16 19:39:05", "elapsed": 2295.150478, "delta": 258.845635}}
{"target": -0.13365760583774544, "params": {"beta": 0.99, "gamma": 0.99, "p": 0.99}, "datetime": {"datetime": "2020-09-16 19:43:52", "elapsed": 2581.605047, "delta": 286.454569}}
{"target": -0.05076945368635262, "params": {"beta": 0.01000000031238816, "gamma": 0.46274320035613736, "p": 0.9322208218400637}, "datetime": {"datetime": "2020-09-16 19:48:44", "elapsed": 2873.542993, "delta": 291.937946}}
{"target": -0.0543581238054014, "params": {"beta": 0.39453275309652236, "gamma": 0.3328437078474191, "p": 0.9761226946516833}, "datetime": {"datetime": "2020-09-16 19:53:35", "elapsed": 3164.804302, "delta": 291.261309}}
{"target": -0.044426365480114055, "params": {"beta": 0.02660857871067402, "gamma": 0.21653624915474104, "p": 0.7105101508104471}, "datetime": {"datetime": "2020-09-16 19:58:27", "elapsed": 3457.013822, "delta": 292.20952}}
{"target": -0.06847596102375966, "params": {"beta": 0.99, "gamma": 0.01, "p": 0.9899999985249403}, "datetime": {"datetime": "2020-09-16 20:02:47", "elapsed": 3717.329585, "delta": 260.315763}}
{"target": -0.054541589023179675, "params": {"beta": 0.010612060740329379, "gamma": 0.4574081857063087, "p": 0.684776404124771}, "datetime": {"datetime": "2020-09-16 20:07:40", "elapsed": 4009.473905, "delta": 292.14432}}
{"target": -0.08613557174597135, "params": {"beta": 0.01, "gamma": 0.010000022275640723, "p": 0.042505666166538975}, "datetime": {"datetime": "2020-09-16 20:12:26", "elapsed": 4296.033663, "delta": 286.559758}}
{"target": -0.04872049468740065, "params": {"beta": 0.05270470355628867, "gamma": 0.021570765725275637, "p": 0.5579647429782902}, "datetime": {"datetime": "2020-09-16 20:17:19", "elapsed": 4588.548715, "delta": 292.515052}}
{"target": -0.06283325311754137, "params": {"beta": 0.9899999980145812, "gamma": 0.37001026727348635, "p": 0.99}, "datetime": {"datetime": "2020-09-16 20:22:13", "elapsed": 4882.663305, "delta": 294.11459}}
{"target": -0.04902277089670303, "params": {"beta": 0.01053910291091769, "gamma": 0.1286078357973095, "p": 0.5647848272640951}, "datetime": {"datetime": "2020-09-16 20:27:12", "elapsed": 5181.507187, "delta": 298.843882}}
{"target": -0.0581589359384463, "params": {"beta": 0.40344981847826145, "gamma": 0.013433266623065598, "p": 0.7816966010837629}, "datetime": {"datetime": "2020-09-16 20:31:54", "elapsed": 5464.211903, "delta": 282.704716}}
{"target": -0.05076707435342644, "params": {"beta": 0.12993827802151003, "gamma": 0.30111359417554895, "p": 0.7980483156100459}, "datetime": {"datetime": "2020-09-16 20:36:47", "elapsed": 5757.073911, "delta": 292.862008}}
{"target": -0.04793165632628556, "params": {"beta": 0.010651167040701955, "gamma": 0.18847919168170577, "p": 0.7641582635139476}, "datetime": {"datetime": "2020-09-16 20:41:41", "elapsed": 6050.445164, "delta": 293.371253}}
{"target": -0.04891659650515977, "params": {"beta": 0.010231960555235207, "gamma": 0.16313256288010738, "p": 0.6865672353211557}, "datetime": {"datetime": "2020-09-16 20:46:33", "elapsed": 6343.266189, "delta": 292.821025}}
{"target": -0.048949273102963875, "params": {"beta": 0.010430725987395955, "gamma": 0.3103306018165394, "p": 0.831523707432554}, "datetime": {"datetime": "2020-09-16 20:51:25", "elapsed": 6634.639313, "delta": 291.373124}}
{"target": -0.0508696424826044, "params": {"beta": 0.010002260989203832, "gamma": 0.01, "p": 0.5972125688696341}, "datetime": {"datetime": "2020-09-16 20:56:16", "elapsed": 6926.137974, "delta": 291.498661}}
{"target": -0.05567117940396829, "params": {"beta": 0.7040476901097102, "gamma": 0.20850324427459307, "p": 0.9855719050859422}, "datetime": {"datetime": "2020-09-16 21:01:05", "elapsed": 7215.369921, "delta": 289.231947}}
{"target": -0.046894688017136005, "params": {"beta": 0.01393702230828353, "gamma": 0.22789119594711454, "p": 0.6795558040717019}, "datetime": {"datetime": "2020-09-16 21:05:59", "elapsed": 7509.21718, "delta": 293.847259}}
{"target": -0.046195211564164486, "params": {"beta": 0.018677621344428297, "gamma": 0.21737559330421785, "p": 0.6784469792344747}, "datetime": {"datetime": "2020-09-16 21:10:53", "elapsed": 7802.536099, "delta": 293.318919}}
{"target": -0.04557671113174647, "params": {"beta": 0.02567656994092927, "gamma": 0.22590078171707315, "p": 0.6366221523474452}, "datetime": {"datetime": "2020-09-16 21:15:46", "elapsed": 8096.036601, "delta": 293.500502}}
{"target": -0.04832680238919909, "params": {"beta": 0.10746355723763709, "gamma": 0.14862068065370243, "p": 0.6382253127430366}, "datetime": {"datetime": "2020-09-16 21:20:39", "elapsed": 8389.429558, "delta": 293.392957}}
{"target": -0.04808000178530878, "params": {"beta": 0.01179123172642613, "gamma": 0.1990559862691919, "p": 0.6125025371423558}, "datetime": {"datetime": "2020-09-16 21:25:32", "elapsed": 8681.704416, "delta": 292.274858}}
{"target": -0.0467966509013814, "params": {"beta": 0.013306375708256435, "gamma": 0.2100116598509432, "p": 0.6394810775483134}, "datetime": {"datetime": "2020-09-16 21:30:27", "elapsed": 8976.592493, "delta": 294.888077}}
{"target": -0.046968953676852956, "params": {"beta": 0.013105179424602447, "gamma": 0.21183207468452472, "p": 0.6976061030713813}, "datetime": {"datetime": "2020-09-16 21:35:19", "elapsed": 9269.228347, "delta": 292.635854}}
{"target": -0.04716377525978694, "params": {"beta": 0.013058002447919914, "gamma": 0.21236693403245746, "p": 0.6086824549596648}, "datetime": {"datetime": "2020-09-16 21:40:13", "elapsed": 9562.506873, "delta": 293.278526}}
{"target": -0.04875713965954398, "params": {"beta": 0.011413806340009618, "gamma": 0.2552389713453562, "p": 0.6587917174439443}, "datetime": {"datetime": "2020-09-16 21:45:15", "elapsed": 9864.818565, "delta": 302.311692}}
{"target": -0.0472346028024536, "params": {"beta": 0.01306215709588137, "gamma": 0.2158289377675238, "p": 0.6608234577441535}, "datetime": {"datetime": "2020-09-16 21:50:10", "elapsed": 10159.88767, "delta": 295.069105}}
{"target": -0.047428666321072684, "params": {"beta": 0.011576509418036554, "gamma": 0.16086282161343887, "p": 0.6668853121940528}, "datetime": {"datetime": "2020-09-16 21:55:04", "elapsed": 10453.60236, "delta": 293.71469}}
{"target": -0.04555449009804329, "params": {"beta": 0.04602264999395766, "gamma": 0.19169482684640216, "p": 0.6769389301991602}, "datetime": {"datetime": "2020-09-16 21:59:58", "elapsed": 10748.257312, "delta": 294.654952}}
{"target": -0.046023663651020806, "params": {"beta": 0.06269608590690351, "gamma": 0.20718736953540598, "p": 0.7052548964498421}, "datetime": {"datetime": "2020-09-16 22:04:54", "elapsed": 11043.676196, "delta": 295.418884}}
{"target": -0.04752739019898896, "params": {"beta": 0.08626022367765411, "gamma": 0.1747666903527753, "p": 0.6690046147306065}, "datetime": {"datetime": "2020-09-16 22:09:47", "elapsed": 11337.245284, "delta": 293.569088}}
{"target": -0.04865768502646153, "params": {"beta": 0.10636878000699614, "gamma": 0.20471499407646937, "p": 0.7159008979132003}, "datetime": {"datetime": "2020-09-16 22:14:40", "elapsed": 11630.308816, "delta": 293.063532}}
{"target": -0.0442886132682346, "params": {"beta": 0.02038968360711408, "gamma": 0.18759948759450007, "p": 0.7089263266449016}, "datetime": {"datetime": "2020-09-16 22:19:33", "elapsed": 11923.402027, "delta": 293.093211}}
{"target": -0.0458039077606835, "params": {"beta": 0.03845948933156892, "gamma": 0.1886542252533503, "p": 0.7152739163458316}, "datetime": {"datetime": "2020-09-16 22:24:27", "elapsed": 12216.866673, "delta": 293.464646}}
{"target": -0.04560666819698098, "params": {"beta": 0.01652028653887602, "gamma": 0.16224235453076966, "p": 0.7032786119111766}, "datetime": {"datetime": "2020-09-16 22:29:20", "elapsed": 12510.015508, "delta": 293.148835}}
{"target": -0.04645356231824231, "params": {"beta": 0.016631531935143606, "gamma": 0.17663233378946164, "p": 0.6972836911488269}, "datetime": {"datetime": "2020-09-16 22:34:14", "elapsed": 12804.1727, "delta": 294.157192}}
{"target": -0.04484906940349622, "params": {"beta": 0.03300951513834381, "gamma": 0.20127807409568613, "p": 0.7386032062896611}, "datetime": {"datetime": "2020-09-16 22:39:09", "elapsed": 13098.708712, "delta": 294.536012}}
{"target": -0.06578888471607507, "params": {"beta": 0.01, "gamma": 0.9899999535392144, "p": 0.99}, "datetime": {"datetime": "2020-09-16 22:43:57", "elapsed": 13386.493051, "delta": 287.784339}}
{"target": -0.04812917501779569, "params": {"beta": 0.011005871933394206, "gamma": 0.22587334305148776, "p": 0.7674679061699068}, "datetime": {"datetime": "2020-09-16 22:48:50", "elapsed": 13680.428899, "delta": 293.935848}}
{"target": -0.048004514443504856, "params": {"beta": 0.09162756327833163, "gamma": 0.13600666779952814, "p": 0.7158335598084857}, "datetime": {"datetime": "2020-09-16 22:53:45", "elapsed": 13974.564958, "delta": 294.136059}}
{"target": -0.04715837008723637, "params": {"beta": 0.012403872971897758, "gamma": 0.2233752461852237, "p": 0.6752718151378919}, "datetime": {"datetime": "2020-09-16 22:58:40", "elapsed": 14270.162586, "delta": 295.597628}}
{"target": -0.04896199938195167, "params": {"beta": 0.022656269592678448, "gamma": 0.6118694779827553, "p": 0.9852636491597622}, "datetime": {"datetime": "2020-09-16 23:03:30", "elapsed": 14559.835142, "delta": 289.672556}}
{"target": -0.06172049634052848, "params": {"beta": 0.16950101437508616, "gamma": 0.6135341699072736, "p": 0.9874947221251201}, "datetime": {"datetime": "2020-09-16 23:08:23", "elapsed": 14852.905728, "delta": 293.070586}}
{"target": -0.047853222347480004, "params": {"beta": 0.011798601022518321, "gamma": 0.15823385275111074, "p": 0.6910188015164211}, "datetime": {"datetime": "2020-09-16 23:13:19", "elapsed": 15148.669271, "delta": 295.763543}}
{"target": -0.04507484263593819, "params": {"beta": 0.04232333608467161, "gamma": 0.18098934300170247, "p": 0.7081846723514336}, "datetime": {"datetime": "2020-09-16 23:18:10", "elapsed": 15440.211152, "delta": 291.541881}}
{"target": -0.04660815399814457, "params": {"beta": 0.05683509279703281, "gamma": 0.17224088003995522, "p": 0.7387886534099785}, "datetime": {"datetime": "2020-09-16 23:23:03", "elapsed": 15732.529917, "delta": 292.318765}}
{"target": -0.046669984298220536, "params": {"beta": 0.06036607517427627, "gamma": 0.19202000442283018, "p": 0.7318812007544485}, "datetime": {"datetime": "2020-09-16 23:27:56", "elapsed": 16025.633765, "delta": 293.103848}}
{"target": -0.04492197312208047, "params": {"beta": 0.03857031240419671, "gamma": 0.18176991846201598, "p": 0.7251584160236764}, "datetime": {"datetime": "2020-09-16 23:32:49", "elapsed": 16318.825264, "delta": 293.191499}}
{"target": -0.04820866939087842, "params": {"beta": 0.011421115395857828, "gamma": 0.17004069986327672, "p": 0.7114422210809926}, "datetime": {"datetime": "2020-09-16 23:37:40", "elapsed": 16610.403857, "delta": 291.578593}}
